1311759142||Money3||108 Unix Load Average||OK - load average: 4.55, 3.86, 3.91||load1=4.550;5.000;9.000;0; load5=3.860;5.000;9.000;0; load15=3.910;5.000;9.000;0;
1311759142||Mysqldb||114 /||DISK OK - free space: / 1728 MB (92% inode=98%):||/=140MB;1869;1928;0;1968
1311759142||Money6||100 /var||DISK OK - free space: /var 9421 MB (34% inode=83%):||/var=17977MB;27444;28311;0;28889
1311759142||Nsefeed||103 /usr||DISK OK - free space: /usr 4642 MB (56% inode=90%):||/usr=3543MB;8192;8451;0;8624
1311759142||Money5||102 /home||DISK OK - free space: /home 13903 MB (98% inode=99%):||/home=206MB;14134;14580;0;14878
1311759142||Money2||108 Unix Load Average||OK - load average: 1.52, 2.03, 2.16||load1=1.520;5.000;9.000;0; load5=2.030;5.000;9.000;0; load15=2.160;5.000;9.000;0;
1311759142||Portfolio2||105 SSH processes||PROCS OK: 1 process with command name 'sshd'||
1311759142||Moneysearch1||100 /var||DISK OK - free space: /var 12708 MB (32% inode=96%):||/var=26302MB;39044;40277;0;41099
1311759142||Portfolio14||105 SSH processes||PROCS OK: 1 process with command name 'sshd'||
1311759142||Moneysearch1||103 /usr||DISK OK - free space: /usr 5846 MB (62% inode=91%):||/usr=3497MB;9351;9647;0;9844
1311759142||Moneysearch||106 Unix Swap||SWAP OK - 100% free (4000 MB out of 4000 MB)||swap=4000MB;200;40;0;4000
1311759142||Moneymailer||105 SSH processes||PROCS OK: 1 process with command name 'sshd'||
1311759142||Mysqldb||106 Unix Swap||SWAP OK - 96% free (7651 MB out of 8001 MB)||swap=7651MB;400;80;0;8001
1311759142||Money7||105 SSH processes||PROCS OK: 1 process with command name 'sshd'||
1311759142||Moneysearch||114 /||DISK OK - free space: / 1721 MB (92% inode=97%):||/=146MB;1869;1928;0;1968
1311759142||Moneymailer||101 /boot||DISK OK - free space: /boot 104 MB (90% inode=99%):||/boot=11MB;114;118;0;121
1311759142||Money5||105 SSH processes||PROCS OK: 1 process with command name 'sshd'||
1311759142||Portfolio7||105 SSH processes||PROCS OK: 1 process with command name 'sshd'||
1311759142||MoneyMemcache-1||100 /var||DISK OK - free space: /var 25509 MB (72% inode=97%):||/var=9768MB;35307;36422;0;37166
1311759142||Portfolio16||114 /||DISK OK - free space: / 1544 MB (82% inode=97%):||/=336MB;1883;1943;0;1983
1311759142||Moneysearch||102 /home||DISK OK - free space: /home 13251 MB (94% inode=91%):||/home=761MB;14023;14466;0;14762
1311759142||Portfolio14||114 /||DISK OK - free space: / 1591 MB (84% inode=99%):||/=289MB;1883;1943;0;1983
1311759142||MoneyMemcache-1||114 /||DISK OK - free space: / 1460 MB (78% inode=90%):||/=408MB;1869;1928;0;1968
1311759142||MoneyMemcache-1||103 /usr||DISK OK - free space: /usr 4880 MB (58% inode=90%):||/usr=3525MB;8413;8678;0;8856
1311759142||Portfolio15||103 /usr||DISK OK - free space: /usr 9272 MB (82% inode=97%):||/usr=2020MB;11310;11667;0;11906
1311759142||MoneyMemcache-1||106 Unix Swap||SWAP OK - 100% free (4000 MB out of 4000 MB)||swap=4000MB;200;40;0;4000
1311759142||Portfolio14||100 /var||DISK OK - free space: /var 10562 MB (38% inode=89%):||/var=16836MB;27444;28311;0;28889
1311759142||Money8||105 SSH processes||PROCS OK: 1 process with command name 'sshd'||
1311759142||Money2||106 Unix Swap||SWAP OK - 100% free (8189 MB out of 8189 MB)||swap=8189MB;409;81;0;8189
1311759142||Portfolio2||101 /boot||DISK OK - free space: /boot 103 MB (89% inode=99%):||/boot=11MB;114;118;0;121
1311759142||Portfolio14||106 Unix Swap||SWAP OK - 100% free (8189 MB out of 8189 MB)||swap=8189MB;409;81;0;8189
1311759142||Portfolio3||106 Unix Swap||SWAP OK - 100% free (8189 MB out of 8189 MB)||swap=8189MB;409;81;0;8189
1311759142||Portfolio2||103 /usr||DISK OK - free space: /usr 9265 MB (82% inode=97%):||/usr=2026MB;11310;11667;0;11906
1311759142||Portfolio17||102 /home||DISK OK - free space: /home 13902 MB (98% inode=99%):||/home=207MB;14134;14580;0;14878
1311759142||Mysqldb||102 /home||DISK OK - free space: /home 4626 MB (99% inode=99%):||/home=42MB;4672;4819;0;4918
1311759142||Bsefeed||105 SSH processes||PROCS OK: 1 process with command name 'sshd'||
1311759142||Money6||101 /boot||DISK OK - free space: /boot 103 MB (89% inode=99%):||/boot=11MB;114;118;0;121
1311759142||MoneyMemcache-1||108 Unix Load Average||OK - load average: 1.47, 1.49, 1.56||load1=1.470;5.000;9.000;0; load5=1.490;5.000;9.000;0; load15=1.560;5.000;9.000;0;
1311759142||Money4||105 SSH processes||PROCS OK: 1 process with command name 'sshd'||
1311759142||Portfolio4||103 /usr||DISK OK - free space: /usr 9263 MB (82% inode=97%):||/usr=2028MB;11310;11667;0;11906
1311759142||Money2||100 /var||DISK OK - free space: /var 14364 MB (52% inode=90%):||/var=13034MB;27444;28311;0;28889
1311759142||Portfolio16||106 Unix Swap||SWAP OK - 100% free (8189 MB out of 8189 MB)||swap=8189MB;409;81;0;8189
1311759142||Money6||106 Unix Swap||SWAP OK - 100% free (8186 MB out of 8189 MB)||swap=8186MB;409;81;0;8189
1311759142||Portfolio7||114 /||DISK OK - free space: / 1495 MB (79% inode=97%):||/=385MB;1883;1943;0;1983
1311759142||Money8||103 /usr||DISK OK - free space: /usr 8663 MB (76% inode=97%):||/usr=2628MB;11310;11667;0;11906
1311759142||Portfolio7||103 /usr||DISK OK - free space: /usr 9275 MB (82% inode=97%):||/usr=2017MB;11310;11667;0;11906
1311759142||Money1||110 Unix Memory||Usage: real 42% (1673/3950 MB), buffer: 893 MB, cache: 1236 MB, swap: 0% (3/8189 MB)||utilisation=42
1311759142||Money4||110 Unix Memory||Usage: real 46% (1834/3950 MB), buffer: 598 MB, cache: 1445 MB, swap: 0% (0/8189 MB)||utilisation=46
1311759142||Moneyalert2||105 SSH processes||PROCS OK: 1 process with command name 'sshd'||
1311759142||Nsefeed||227 Nsememcache3||OK - object exists in memcached on 10.50.31.1:||server=10.50.31.1:11213, elapsedtime=0.001128, key=17023929-live, objval=SP CNX NIFTY 5591.70 5521.500000027 Jul,15:02:09 5574.8505574.8517023929 6338.50 5177.705552.8000 5588.55 5574.85
1311759200||oraclegendb||108 Unix Load Average||OK - load average: 4.39, 4.75, 4.78||load1=4.390;5.000;9.000;0; load5=4.750;5.000;9.000;0; load15=4.780;5.000;9.000;0;
1311759200||Nsefeed||106 Unix Swap||SWAP OK - 100% free (4000 MB out of 4000 MB)||swap=4000MB;200;40;0;4000
1311759200||oraclegendb||102 /home||DISK OK - free space: /home 3984 MB (43% inode=99%):||/home=5203MB;9203;9494;0;9688
1311759200||Portfolio3||103 /usr||DISK OK - free space: /usr 9287 MB (82% inode=97%):||/usr=2004MB;11310;11667;0;11906
1311759200||Portfolio5||105 SSH processes||PROCS OK: 1 process with command name 'sshd'||
1311759200||Money1||105 SSH processes||PROCS OK: 1 process with command name 'sshd'||
1311759200||Portfolio6||114 /||DISK OK - free space: / 1487 MB (79% inode=97%):||/=393MB;1883;1943;0;1983
1311759200||Money8||102 /home||DISK OK - free space: /home 13903 MB (98% inode=99%):||/home=206MB;14134;14580;0;14878
1311759200||Portfolio6||101 /boot||DISK OK - free space: /boot 103 MB (89% inode=99%):||/boot=11MB;114;118;0;121
1311759200||Money8||100 /var||DISK OK - free space: /var 9660 MB (35% inode=83%):||/var=17737MB;27444;28311;0;28889
1311759200||Portfolio6||100 /var||DISK OK - free space: /var 9890 MB (36% inode=89%):||/var=17508MB;27444;28311;0;28889
1311759200||Portfolio5||101 /boot||DISK OK - free space: /boot 103 MB (89% inode=99%):||/boot=11MB;114;118;0;121
1311759200||Portfolio5||103 /usr||DISK OK - free space: /usr 9270 MB (82% inode=97%):||/usr=2021MB;11310;11667;0;11906
1311759200||Portfolio4||108 Unix Load Average||OK - load average: 0.35, 0.37, 0.37||load1=0.350;5.000;9.000;0; load5=0.370;5.000;9.000;0; load15=0.370;5.000;9.000;0;
1311759200||Portfolio16||108 Unix Load Average||OK - load average: 0.35, 0.37, 0.41||load1=0.350;5.000;9.000;0; load5=0.370;5.000;9.000;0; load15=0.410;5.000;9.000;0;
1311759200||oraclegendb||110 Unix Memory||Usage: real 6% (974/15994 MB), buffer: 56 MB, cache: 14871 MB, swap: 1% (424/31997 MB)||utilisation=6
1311759200||Portfolio4||100 /var||DISK OK - free space: /var 9767 MB (35% inode=89%):||/var=17631MB;27444;28311;0;28889
1311759200||Portfolio6||108 Unix Load Average||OK - load average: 0.30, 0.38, 0.36||load1=0.300;5.000;9.000;0; load5=0.380;5.000;9.000;0; load15=0.360;5.000;9.000;0;
1311759200||Portfolio3||100 /var||DISK OK - free space: /var 9725 MB (35% inode=89%):||/var=17672MB;27444;28311;0;28889
1311759200||Portfolio3||108 Unix Load Average||OK - load average: 0.19, 0.45, 0.43||load1=0.190;5.000;9.000;0; load5=0.450;5.000;9.000;0; load15=0.430;5.000;9.000;0;
1311759200||Money1||106 Unix Swap||SWAP OK - 100% free (8186 MB out of 8189 MB)||swap=8186MB;409;81;0;8189
1311759200||Portfolio16||101 /boot||DISK OK - free space: /boot 103 MB (89% inode=99%):||/boot=11MB;114;118;0;121
1311759200||Portfolio8||100 /var||DISK OK - free space: /var 10110 MB (36% inode=89%):||/var=17287MB;27444;28311;0;28889
1311759200||Moneysearch1||114 /||DISK OK - free space: / 1005 MB (53% inode=78%):||/=863MB;1869;1928;0;1968
1311759200||Portfolio3||110 Unix Memory||Usage: real 43% (1696/3950 MB), buffer: 503 MB, cache: 1555 MB, swap: 0% (0/8189 MB)||utilisation=43
1311759200||Money7||100 /var||DISK OK - free space: /var 9223 MB (33% inode=82%):||/var=18174MB;27444;28311;0;28889
1311759200||Portfolio7||101 /boot||DISK OK - free space: /boot 103 MB (89% inode=99%):||/boot=11MB;114;118;0;121
1311759200||Portfolio15||110 Unix Memory||Usage: real 43% (1702/3950 MB), buffer: 519 MB, cache: 1652 MB, swap: 0% (0/8189 MB)||utilisation=43
1311759200||MoneyMemcache-1||102 /home||DISK OK - free space: /home 10456 MB (74% inode=53%):||/home=3555MB;14023;14466;0;14762
1311759200||Portfolio7||106 Unix Swap||SWAP OK - 100% free (8189 MB out of 8189 MB)||swap=8189MB;409;81;0;8189
1311759200||Portfolio17||110 Unix Memory||Usage: real 45% (1770/3950 MB), buffer: 551 MB, cache: 1489 MB, swap: 1% (42/8189 MB)||utilisation=45
1311759200||Portfolio7||102 /home||DISK OK - free space: /home 13903 MB (98% inode=99%):||/home=206MB;14134;14580;0;14878
1311759200||Portfolio4||114 /||DISK OK - free space: / 1542 MB (82% inode=97%):||/=337MB;1883;1943;0;1983
1311759200||Portfolio2||110 Unix Memory||Usage: real 42% (1670/3950 MB), buffer: 506 MB, cache: 1510 MB, swap: 0% (0/8189 MB)||utilisation=42
1311759200||Money4||101 /boot||DISK OK - free space: /boot 103 MB (89% inode=99%):||/boot=11MB;114;118;0;121
1311759200||Portfolio2||100 /var||DISK OK - free space: /var 9604 MB (35% inode=89%):||/var=17793MB;27444;28311;0;28889
1311759200||Portfolio7||108 Unix Load Average||OK - load average: 0.52, 0.58, 0.50||load1=0.520;5.000;9.000;0; load5=0.580;5.000;9.000;0; load15=0.500;5.000;9.000;0;
1311759200||Nsefeed||108 Unix Load Average||WARNING - load average: 7.51, 7.11, 6.93||load1=7.510;5.000;9.000;0; load5=7.110;5.000;9.000;0; load15=6.930;5.000;9.000;0;
1311759200||Moneysearch1||110 Unix Memory||Usage: real 17% (673/3992 MB), buffer: 278 MB, cache: 2501 MB, swap: 0% (0/4000 MB)||utilisation=17
1311759200||Bsefeed||152 Bse Memcache2||OK - object exists in memcached on 10.50.31.1:||server=10.50.31.1:11212, elapsedtime=0.041986, key=17023928, objval=Sensex0.00.00.00.0000.027 Jul,15:03:0018452.670.018518.221702392821206.7712316.118451.8500000
1311759200||Moneysearch||110 Unix Memory||Usage: real 8% (313/4050 MB), buffer: 559 MB, cache: 469 MB, swap: 0% (0/4001 MB)||utilisation=8
1311759200||Money7||114 /||DISK OK - free space: / 1544 MB (82% inode=97%):||/=336MB;1883;1943;0;1983
1311759200||Bsefeed||153 Bse Memcache3||OK - object exists in memcached on 10.50.11.18:||server=10.50.11.18:11213, elapsedtime=0.007274, key=17023928, objval=Sensex0.00.00.00.0000.027 Jul,15:03:0018452.670.018518.221702392821206.7712316.118451.8500000
1311759200||Bsefeed||108 Unix Load Average||WARNING - load average: 5.04, 5.42, 5.61||load1=5.040;5.000;9.000;0; load5=5.420;5.000;9.000;0; load15=5.610;5.000;9.000;0;
1311759200||Nsefeed||110 Unix Memory||Usage: real 19% (775/3992 MB), buffer: 229 MB, cache: 2959 MB, swap: 0% (0/4001 MB)||utilisation=19
1311759200||Nsefeed||226 Nsememcache2||OK - object exists in memcached on 10.50.31.1:||server=10.50.31.1:11211, elapsedtime=0.00582, key=17023929-live, objval=SP CNX NIFTY 5591.70 5521.500000027 Jul,15:03:08 5574.8505574.8517023929 6338.50 5177.705551.7000 5588.55 5574.85
1311759200||Nsefeed||201 check_feed_files||OK: 0/1 -- /var/moneybsefeed/bsefeedoraclebkp: Does not exist||
1311759200||Moneyalert1||101 /boot||DISK OK - free space: /boot 28 MB (24% inode=99%):||/boot=86MB;114;118;0;121
1311759200||Moneyalert2||103 /usr||DISK OK - free space: /usr 8303 MB (74% inode=88%):||/usr=2909MB;11222;11576;0;11813
1311759200||Moneyalert2||110 Unix Memory||Usage: real 31% (1260/4050 MB), buffer: 142 MB, cache: 1904 MB, swap: 1% (42/3959 MB)||utilisation=31
1311759268||Money4||304 Check Apache-Resin||HTTP OK: HTTP/1.1 200 OK - 275 bytes in 0.002 second response time||time=0.002350s;5.000000;10.000000;0.000000 size=275B;;;0
1311759268||Portfolio4||304 Check Apache-Resin||HTTP OK: HTTP/1.1 200 OK - 275 bytes in 0.005 second response time||time=0.004853s;5.000000;10.000000;0.000000 size=275B;;;0
1311759268||Money3||102 /home||DISK OK - free space: /home 13903 MB (98% inode=99%):||/home=206MB;14134;14580;0;14878
 1311759268||oraclegendb||101 /boot||DISK OK - free space: /boot 103 MB (89% inode=99%):||/boot=11MB;114;118;0;121
1311759268||Money2||103 /usr||DISK OK - free space: /usr 9217 MB (81% inode=97%):||/usr=2074MB;11310;11667;0;11906
1311759268||MoneyMemcache||114 /||DISK OK - free space: / 20610 MB (97% inode=99%):||/=618MB;21264;21936;0;22384
1311759268||Money8||106 Unix Swap||SWAP OK - 100% free (8186 MB out of 8189 MB)||swap=8186MB;409;81;0;8189
1311759268||oraclegendb||106 Unix Swap||SWAP OK - 99% free (31572 MB out of 31996 MB)||swap=31572MB;1599;319;0;31996
1311759268||Money5||101 /boot||DISK OK - free space: /boot 103 MB (89% inode=99%):||/boot=11MB;114;118;0;121
1311759268||Money5||106 Unix Swap||SWAP OK - 100% free (8186 MB out of 8189 MB)||swap=8186MB;409;81;0;8189
1311759268||Money6||105 SSH processes||PROCS OK: 1 process with command name 'sshd'||
1311759268||Moneysearch||100 /var||DISK OK - free space: /var 10197 MB (29% inode=99%):||/var=24152MB;34378;35464;0;36188
1311759268||Moneymailer||103 /usr||DISK OK - free space: /usr 12342 MB (88% inode=95%):||/usr=1670MB;14023;14466;0;14762
1311759268||Moneymailer||100 /var||DISK OK - free space: /var 12054 MB (86% inode=99%):||/var=1958MB;14023;14466;0;14762
1311759268||Moneymailer||106 Unix Swap||SWAP OK - 100% free (1999 MB out of 2000 MB)||swap=1999MB;100;20;0;2000
1311759268||Portfolio5||108 Unix Load Average||OK - load average: 0.37, 0.56, 0.45||load1=0.370;5.000;9.000;0; load5=0.560;5.000;9.000;0; load15=0.450;5.000;9.000;0;
1311759268||Portfolio2||108 Unix Load Average||OK - load average: 0.30, 0.40, 0.42||load1=0.300;5.000;9.000;0; load5=0.400;5.000;9.000;0; load15=0.420;5.000;9.000;0;
1311759268||Bsefeed||102 /home||DISK OK - free space: /home 13922 MB (99% inode=99%):||/home=89MB;14023;14466;0;14762
1311759268||MoneyMemcache-1||101 /boot||DISK OK - free space: /boot 100 MB (87% inode=99%):||/boot=14MB;114;118;0;121
1311759268||Portfolio8||103 /usr||DISK OK - free space: /usr 9270 MB (82% inode=97%):||/usr=2021MB;11310;11667;0;11906
1311759268||Portfolio4||101 /boot||DISK OK - free space: /boot 103 MB (89% inode=99%):||/boot=11MB;114;118;0;121
1311759268||Portfolio4||106 Unix Swap||SWAP OK - 100% free (8189 MB out of 8189 MB)||swap=8189MB;409;81;0;8189
1311759268||Portfolio4||102 /home||DISK OK - free space: /home 13903 MB (98% inode=99%):||/home=206MB;14134;14580;0;14878
1311759268||Bsefeed||151 Bse Memcache1||OK - object exists in memcached on 10.50.11.18:||server=10.50.11.18:11211, elapsedtime=0.000491, key=17023928, objval=Sensex0.00.00.00.0000.027 Jul,15:04:1118458.490.018518.221702392821206.7712316.118458.200000
1311759268||Portfolio2||106 Unix Swap||SWAP OK - 100% free (8189 MB out of 8189 MB)||swap=8189MB;409;81;0;8189
1311759268||Moneysearch1||106 Unix Swap||SWAP OK - 100% free (4000 MB out of 4000 MB)||swap=4000MB;200;40;0;4000
1311759268||Portfolio14||108 Unix Load Average||OK - load average: 0.35, 0.36, 0.35||load1=0.350;5.000;9.000;0; load5=0.360;5.000;9.000;0; load15=0.350;5.000;9.000;0;
1311759268||Nsefeed||101 /boot||DISK OK - free space: /boot 100 MB (87% inode=99%):||/boot=14MB;114;118;0;121
1311759268||Money5||108 Unix Load Average||OK - load average: 3.60, 2.70, 2.31||load1=3.600;5.000;9.000;0; load5=2.700;5.000;9.000;0; load15=2.310;5.000;9.000;0;
1311759268||Money1||108 Unix Load Average||OK - load average: 3.05, 3.18, 3.05||load1=3.050;5.000;9.000;0; load5=3.180;5.000;9.000;0; load15=3.050;5.000;9.000;0;
1311759268||Portfolio8||106 Unix Swap||SWAP OK - 100% free (8189 MB out of 8189 MB)||swap=8189MB;409;81;0;8189
1311759268||Portfolio8||102 /home||DISK OK - free space: /home 13903 MB (98% inode=99%):||/home=206MB;14134;14580;0;14878
1311759268||Moneysearch1||101 /boot||DISK OK - free space: /boot 100 MB (87% inode=99%):||/boot=14MB;114;118;0;121
1311759268||Moneysearch1||108 Unix Load Average||OK - load average: 0.35, 0.18, 0.11||load1=0.350;5.000;9.000;0; load5=0.180;5.000;9.000;0; load15=0.110;5.000;9.000;0;
1311759268||Portfolio15||106 Unix Swap||SWAP OK - 100% free (8189 MB out of 8189 MB)||swap=8189MB;409;81;0;8189
1311759268||Money6||102 /home||DISK OK - free space: /home 13903 MB (98% inode=99%):||/home=206MB;14134;14580;0;14878
1311759268||Money1||102 /home||DISK OK - free space: /home 13903 MB (98% inode=99%):||/home=207MB;14134;14580;0;14878
1311759268||Money6||103 /usr||DISK OK - free space: /usr 8664 MB (76% inode=97%):||/usr=2627MB;11310;11667;0;11906
1311759268||Money3||101 /boot||DISK OK - free space: /boot 103 MB (89% inode=99%):||/boot=11MB;114;118;0;121
1311759268||Money4||114 /||DISK OK - free space: / 1455 MB (77% inode=97%):||/=425MB;1883;1943;0;1983
1311759268||Money7||101 /boot||DISK OK - free space: /boot 103 MB (89% inode=99%):||/boot=11MB;114;118;0;121
1311759268||Moneysearch||105 SSH processes||PROCS OK: 1 process with command name 'sshd'||
1311759268||MoneyMemcache-1||110 Unix Memory||Usage: real 44% (1756/3992 MB), buffer: 118 MB, cache: 1764 MB, swap: 0% (0/4000 MB)||utilisation=44
1311759268||Money8||110 Unix Memory||Usage: real 45% (1780/3950 MB), buffer: 714 MB, cache: 1333 MB, swap: 0% (3/8189 MB)||utilisation=45
1311759268||Money7||110 Unix Memory||Usage: real 45% (1785/3950 MB), buffer: 753 MB, cache: 1310 MB, swap: 0% (3/8189 MB)||utilisation=45
1311759268||Moneymailer||110 Unix Memory||Usage: real 27% (1088/4050 MB), buffer: 328 MB, cache: 1365 MB, swap: 0% (1/1999 MB)||utilisation=27
1311759268||Bsefeed||110 Unix Memory||Usage: real 23% (899/3992 MB), buffer: 164 MB, cache: 2342 MB, swap: 0% (0/4000 MB)||utilisation=23
1311759268||Bsefeed||100 /var||DISK OK - free space: /var 7217 MB (20% inode=2%):||/var=28060MB;35307;36422;0;37166
1311759268||Nsefeed||114 /||DISK OK - free space: / 4418 MB (94% inode=95%):||/=249MB;4672;4819;0;4918
1311759268||Nsefeed||225 Nsememcache1||OK - object exists in memcached on 10.50.31.1:||server=10.50.31.1:11211, elapsedtime=0.000704, key=17023929-live, objval=SP CNX NIFTY 5591.70 5521.500000027 Jul,15:04:14 5574.8505574.8517023929 6338.50 5177.705549.9000 5588.55 5574.85
1311759269||Money6||114 /||DISK OK - free space: / 1455 MB (77% inode=97%):||/=425MB;1883;1943;0;1983
1311759269||MoneyMemcache||105 SSH processes||PROCS OK: 1 process with command name 'sshd'||
1311759269||Moneyalert2||108 Unix Load Average||CRITICAL - load average: 12.46, 9.78, 8.01||load1=12.460;5.000;9.000;0; load5=9.780;5.000;9.000;0; load15=8.010;5.000;9.000;0;
1311759269||Mysqldb||105 SSH processes||PROCS OK: 1 process with command name 'sshd'||
1311759269||Money1||100 /var||DISK OK - free space: /var 13958 MB (50% inode=90%):||/var=13440MB;27444;28311;0;28889
1311759269||Portfolio8||105 SSH processes||PROCS OK: 1 process with command name 'sshd'||
1311759269||Portfolio3||105 SSH processes||PROCS OK: 1 process with command name 'sshd'||
1311759269||Money4||103 /usr||DISK OK - free space: /usr 8663 MB (76% inode=97%):||/usr=2628MB;11310;11667;0;11906
1311759269||Moneysearch1||105 SSH processes||PROCS OK: 1 process with command name 'sshd'||
1311759269||Nsefeed||102 /home||DISK OK - free space: /home 7628 MB (68% inode=83%):||/home=3584MB;11222;11576;0;11813
1311759269||Money4||102 /home||DISK OK - free space: /home 13903 MB (98% inode=99%):||/home=206MB;14134;14580;0;14878
1311759269||Money5||103 /usr||DISK OK - free space: /usr 8664 MB (76% inode=97%):||/usr=2628MB;11310;11667;0;11906
1311759269||MoneyMemcache||110 Unix Memory||Usage: real 69% (5469/7926 MB), buffer: 781 MB, cache: 1571 MB, swap: 0% (0/16002 MB)||utilisation=69
1311759269||Money5||114 /||DISK OK - free space: / 1455 MB (77% inode=97%):||/=425MB;1883;1943;0;1983
1311759269||Bsefeed||152 Bse Memcache2||OK - object exists in memcached on 10.50.31.1:||server=10.50.31.1:11212, elapsedtime=0.003571, key=17023928, objval=Sensex0.00.00.00.0000.027 Jul,15:04:1318458.20.018518.221702392821206.7712316.118458.600000
1311759269||Bsefeed||153 Bse Memcache3||OK - object exists in memcached on 10.50.11.18:||server=10.50.11.18:11213, elapsedtime=0.086201, key=17023928, objval=Sensex0.00.00.00.0000.027 Jul,15:04:1318458.20.018518.221702392821206.7712316.118458.600000
1311759326||oraclegendb||159 Oracle Listener||TCP OK - 0.004 second response time on port 1521||time=0.004270s;2.000000;5.000000;0.000000;10.000000
1311759326||Portfolio5||304 Check Apache-Resin||HTTP OK: HTTP/1.1 200 OK - 275 bytes in 0.001 second response time||time=0.001221s;5.000000;10.000000;0.000000 size=275B;;;0
1311759326||Money2||304 Check Apache-Resin||HTTP OK: HTTP/1.1 200 OK - 275 bytes in 0.010 second response time||time=0.010057s;5.000000;10.000000;0.000000 size=275B;;;0
1311759326||Money5||304 Check Apache-Resin||HTTP OK: HTTP/1.1 200 OK - 275 bytes in 0.012 second response time||time=0.012325s;5.000000;10.000000;0.000000 size=275B;;;0
1311759326||Money3||304 Check Apache-Resin||HTTP OK: HTTP/1.1 200 OK - 275 bytes in 0.010 second response time||time=0.010425s;5.000000;10.000000;0.000000 size=275B;;;0
1311759326||Money6||304 Check Apache-Resin||HTTP OK: HTTP/1.1 200 OK - 275 bytes in 0.012 second response time||time=0.011852s;5.000000;10.000000;0.000000 size=275B;;;0
1311759326||opsview||106 Unix Swap||SWAP OK - 66% free (10657 MB out of 16386 MB)||swap=10657MB;819;163;0;16386
1311759326||Money8||304 Check Apache-Resin||HTTP OK: HTTP/1.1 200 OK - 275 bytes in 0.011 second response time||time=0.011407s;5.000000;10.000000;0.000000 size=275B;;;0
1311759326||Money7||304 Check Apache-Resin||HTTP OK: HTTP/1.1 200 OK - 275 bytes in 0.012 second response time||time=0.011903s;5.000000;10.000000;0.000000 size=275B;;;0
1311759326||Portfolio14||103 /usr||DISK OK - free space: /usr 9276 MB (82% inode=97%):||/usr=2015MB;11310;11667;0;11906
1311759326||Portfolio6||106 Unix Swap||SWAP OK - 100% free (8189 MB out of 8189 MB)||swap=8189MB;409;81;0;8189
1311759326||Portfolio6||103 /usr||DISK OK - free space: /usr 9262 MB (82% inode=97%):||/usr=2029MB;11310;11667;0;11906
1311759326||Portfolio3||102 /home||DISK OK - free space: /home 13903 MB (98% inode=99%):||/home=206MB;14134;14580;0;14878
1311759326||MoneyMemcache||100 /var||DISK OK - free space: /var 34916 MB (95% inode=99%):||/var=1828MB;36806;37969;0;38744
1311759326||Mysqldb||108 Unix Load Average||OK - load average: 2.62, 2.37, 2.31||load1=2.620;5.000;9.000;0; load5=2.370;5.000;9.000;0; load15=2.310;5.000;9.000;0;
1311759326||Moneysearch1||102 /home||DISK OK - free space: /home 2519 MB (26% inode=87%):||/home=6824MB;9351;9647;0;9844
1311759326||Portfolio8||101 /boot||DISK OK - free space: /boot 103 MB (89% inode=99%):||/boot=11MB;114;118;0;121
1311759326||Portfolio6||105 SSH processes||PROCS OK: 1 process with command name 'sshd'||
1311759326||Money4||106 Unix Swap||SWAP OK - 100% free (8189 MB out of 8189 MB)||swap=8189MB;409;81;0;8189
1311759326||Money7||108 Unix Load Average||OK - load average: 4.90, 3.42, 3.55||load1=4.900;5.000;9.000;0; load5=3.420;5.000;9.000;0; load15=3.550;5.000;9.000;0;
1311759326||Bsefeed||114 /||DISK OK - free space: / 1581 MB (84% inode=90%):||/=286MB;1869;1928;0;1968
1311759326||Portfolio2||114 /||DISK OK - free space: / 1544 MB (82% inode=98%):||/=336MB;1883;1943;0;1983
1311759326||Nsefeed||100 /var||DISK OK - free space: /var 8982 MB (25% inode=87%):||/var=26518MB;35530;36652;0;37400
1311759326||Money4||100 /var||DISK OK - free space: /var 11910 MB (43% inode=83%):||/var=15488MB;27444;28311;0;28889
1311759326||Portfolio15||102 /home||DISK OK - free space: /home 13903 MB (98% inode=99%):||/home=206MB;14134;14580;0;14878
1311759326||Portfolio15||101 /boot||DISK OK - free space: /boot 103 MB (89% inode=99%):||/boot=11MB;114;118;0;121
1311759326||Portfolio15||108 Unix Load Average||OK - load average: 0.63, 0.58, 0.52||load1=0.630;5.000;9.000;0; load5=0.580;5.000;9.000;0; load15=0.520;5.000;9.000;0;
1311759326||Portfolio15||114 /||DISK OK - free space: / 1544 MB (82% inode=98%):||/=336MB;1883;1943;0;1983
1311759326||Money8||114 /||DISK OK - free space: / 1455 MB (77% inode=97%):||/=425MB;1883;1943;0;1983
1311759326||Portfolio16||103 /usr||DISK OK - free space: /usr 9243 MB (81% inode=97%):||/usr=2049MB;11310;11667;0;11906
1311759326||Portfolio16||102 /home||DISK OK - free space: /home 13903 MB (98% inode=99%):||/home=206MB;14134;14580;0;14878
1311759326||Bsefeed||101 /boot||DISK OK - free space: /boot 100 MB (87% inode=99%):||/boot=14MB;114;118;0;121
1311759326||Money8||108 Unix Load Average||OK - load average: 4.86, 3.87, 3.16||load1=4.860;5.000;9.000;0; load5=3.870;5.000;9.000;0; load15=3.160;5.000;9.000;0;
1311759326||MoneyMemcache-1||105 SSH processes||PROCS OK: 1 process with command name 'sshd'||
1311759326||Bsefeed||106 Unix Swap||SWAP OK - 100% free (4000 MB out of 4000 MB)||swap=4000MB;200;40;0;4000
1311759326||Money2||105 SSH processes||PROCS OK: 1 process with command name 'sshd'||
1311759326||oraclegendb||105 SSH processes||PROCS OK: 1 process with command name 'sshd'||
1311759326||Money6||108 Unix Load Average||OK - load average: 3.72, 3.39, 3.11||load1=3.720;5.000;9.000;0; load5=3.390;5.000;9.000;0; load15=3.110;5.000;9.000;0;
1311759326||Bsefeed||175 Check bse link||TCP OK - 0.004 second response time on port 6100||time=0.003940s;0.000000;0.000000;0.000000;10.000000
1311759326||Money8||101 /boot||DISK OK - free space: /boot 103 MB (89% inode=99%):||/boot=11MB;114;118;0;121
1311759326||Money3||103 /usr||DISK OK - free space: /usr 9217 MB (81% inode=97%):||/usr=2074MB;11310;11667;0;11906
1311759326||Moneyalert1||110 Unix Memory||Usage: real 25% (996/4050 MB), buffer: 83 MB, cache: 2037 MB, swap: 1% (33/3968 MB)||utilisation=25
1311759326||Money3||106 Unix Swap||SWAP OK - 100% free (8186 MB out of 8189 MB)||swap=8186MB;409;81;0;8189
1311759326||Money3||100 /var||DISK OK - free space: /var 10886 MB (39% inode=83%):||/var=16511MB;27444;28311;0;28889
1311759326||Money3||105 SSH processes||PROCS OK: 1 process with command name 'sshd'||
1311759326||Money3||114 /||DISK OK - free space: / 1543 MB (82% inode=97%):||/=337MB;1883;1943;0;1983
1311759326||Bsefeed||201 check_feed_files||OK: 1/1||
1311759326||Nsefeed||227 Nsememcache3||OK - object exists in memcached on 10.50.31.1:||server=10.50.31.1:11213, elapsedtime=0.001205, key=17023929-live, objval=SP CNX NIFTY 5591.70 5521.500000027 Jul,15:05:13 5574.8505574.8517023929 6338.50 5177.705550.35000 5588.55 5574.85
1311759329||Bsefeed||152 Bse Memcache2||OK - object exists in memcached on 10.50.31.1:||server=10.50.31.1:11212, elapsedtime=0.017973, key=17023928, objval=Sensex0.00.00.00.0000.027 Jul,15:05:1118458.710.018518.221702392821206.7712316.118459.400000
1311759329||Bsefeed||153 Bse Memcache3||OK - object exists in memcached on 10.50.11.18:||server=10.50.11.18:11213, elapsedtime=0.074885, key=17023928, objval=Sensex0.00.00.00.0000.027 Jul,15:05:1118458.710.018518.221702392821206.7712316.118459.400000
1311759394||MoneyMemcache||108 Unix Load Average||OK - load average: 2.19, 2.53, 2.50||load1=2.190;5.000;9.000;0; load5=2.530;5.000;9.000;0; load15=2.500;5.000;9.000;0;
1311759394||Moneymailer||114 /||DISK OK - free space: / 3043 MB (65% inode=98%):||/=1624MB;4672;4819;0;4918
1311759394||Mysqldb||100 /var||DISK OK - free space: /var 10754 MB (57% inode=99%):||/var=7933MB;18703;19294;0;19688
1311759394||Moneymailer||102 /home||DISK OK - free space: /home 8122 MB (99% inode=99%):||/home=64MB;8192;8451;0;8624
1311759394||Mysqldb||103 /usr||DISK OK - free space: /usr 7589 MB (81% inode=94%):||/usr=1754MB;9351;9647;0;9844
1311759394||Portfolio2||102 /home||DISK OK - free space: /home 13903 MB (98% inode=99%):||/home=206MB;14134;14580;0;14878
1311759394||Portfolio14||101 /boot||DISK OK - free space: /boot 103 MB (89% inode=99%):||/boot=11MB;114;118;0;121
1311759394||Money5||100 /var||DISK OK - free space: /var 9404 MB (34% inode=83%):||/var=17993MB;27444;28311;0;28889
1311759394||Money2||102 /home||DISK OK - free space: /home 13903 MB (98% inode=99%):||/home=206MB;14134;14580;0;14878
1311759394||Portfolio16||100 /var||DISK OK - free space: /var 10988 MB (40% inode=89%):||/var=16410MB;27444;28311;0;28889
1311759394||Portfolio14||102 /home||DISK OK - free space: /home 13903 MB (98% inode=99%):||/home=206MB;14134;14580;0;14878
1311759394||Money2||114 /||DISK OK - free space: / 1539 MB (81% inode=97%):||/=341MB;1883;1943;0;1983
1311759394||Money2||101 /boot||DISK OK - free space: /boot 103 MB (89% inode=99%):||/boot=11MB;114;118;0;121
1311759394||Portfolio17||114 /||DISK OK - free space: / 1311 MB (69% inode=97%):||/=569MB;1883;1943;0;1983
1311759394||Portfolio17||103 /usr||DISK OK - free space: /usr 8331 MB (73% inode=96%):||/usr=2960MB;11310;11667;0;11906
1311759394||Portfolio17||100 /var||DISK OK - free space: /var 19123 MB (69% inode=95%):||/var=8275MB;27444;28311;0;28889
1311759394||Portfolio5||100 /var||DISK OK - free space: /var 9854 MB (35% inode=89%):||/var=17543MB;27444;28311;0;28889
1311759394||Portfolio17||101 /boot||DISK OK - free space: /boot 103 MB (89% inode=99%):||/boot=11MB;114;118;0;121
1311759394||Money4||108 Unix Load Average||OK - load average: 2.58, 3.02, 3.13||load1=2.580;5.000;9.000;0; load5=3.020;5.000;9.000;0; load15=3.130;5.000;9.000;0;
1311759394||Money7||102 /home||DISK OK - free space: /home 13903 MB (98% inode=99%):||/home=206MB;14134;14580;0;14878
1311759394||Money7||103 /usr||DISK OK - free space: /usr 9239 MB (81% inode=97%):||/usr=2052MB;11310;11667;0;11906
1311759394||Bsefeed||103 /usr||DISK OK - free space: /usr 3322 MB (39% inode=87%):||/usr=5084MB;8413;8678;0;8856
1311759394||Portfolio5||106 Unix Swap||SWAP OK - 100% free (8189 MB out of 8189 MB)||swap=8189MB;409;81;0;8189
1311759394||Portfolio5||102 /home||DISK OK - free space: /home 13903 MB (98% inode=99%):||/home=206MB;14134;14580;0;14878
1311759394||Portfolio16||105 SSH processes||PROCS OK: 1 process with command name 'sshd'||
1311759394||Portfolio17||106 Unix Swap||SWAP OK - 100% free (8147 MB out of 8189 MB)||swap=8147MB;409;81;0;8189
1311759394||Money1||101 /boot||DISK OK - free space: /boot 103 MB (89% inode=99%):||/boot=11MB;114;118;0;121
1311759394||Money7||106 Unix Swap||SWAP OK - 100% free (8186 MB out of 8189 MB)||swap=8186MB;409;81;0;8189
1311759394||Moneyalert1||102 /home||DISK OK - free space: /home 13906 MB (99% inode=99%):||/home=106MB;14023;14466;0;14762
1311759394||Portfolio4||105 SSH processes||PROCS OK: 1 process with command name 'sshd'||
1311759394||Moneyalert1||106 Unix Swap||SWAP OK - 100% free (3967 MB out of 4000 MB)||swap=3967MB;200;40;0;4000
1311759394||Moneyalert2||101 /boot||DISK OK - free space: /boot 28 MB (24% inode=99%):||/boot=86MB;114;118;0;121
1311759394||Moneyalert2||100 /var||DISK OK - free space: /var 19471 MB (59% inode=89%):||/var=13001MB;32500;33526;0;34211
1311759394||Portfolio15||105 SSH processes||PROCS OK: 1 process with command name 'sshd'||
1311759394||Money1||114 /||DISK OK - free space: / 1217 MB (64% inode=98%):||/=663MB;1883;1943;0;1983
1311759394||Money1||103 /usr||DISK OK - free space: /usr 8638 MB (76% inode=97%):||/usr=2653MB;11310;11667;0;11906
1311759394||Portfolio6||HTTP||HTTP OK: HTTP/1.1 200 OK - 380 bytes in 0.001 second response time||time=0.000609s;5.000000;10.000000;0.000000 size=380B;;;0
1311759394||Moneyalert2||102 /home||DISK OK - free space: /home 13906 MB (99% inode=99%):||/home=106MB;14023;14466;0;14762
1311759394||Portfolio7||HTTP||HTTP OK: HTTP/1.1 200 OK - 380 bytes in 0.002 second response time||time=0.002477s;5.000000;10.000000;0.000000 size=380B;;;0
1311759394||Portfolio17||105 SSH processes||PROCS OK: 1 process with command name 'sshd'||
1311759394||Portfolio17||304 Check Apache-Resin||HTTP OK: HTTP/1.1 200 OK - 275 bytes in 0.004 second response time||time=0.003802s;5.000000;10.000000;0.000000 size=275B;;;0
1311759394||Bsefeed||157 Check Mysql connectity||Uptime: 564021  Threads: 6  Questions: 19053201  Slow queries: 33577  Opens: 73486  Flush tables: 1  Open tables: 511  Queries per second avg: 33.781||
1311759394||opsview||110 Unix Memory||Usage: real 42% (3360/7926 MB), buffer: 235 MB, cache: 1838 MB, swap: 35% (5729/16387 MB)||utilisation=42
1311759394||Portfolio5||110 Unix Memory||Usage: real 42% (1652/3950 MB), buffer: 505 MB, cache: 1643 MB, swap: 0% (0/8189 MB)||utilisation=42
1311759394||Portfolio8||110 Unix Memory||Usage: real 41% (1620/3950 MB), buffer: 518 MB, cache: 1601 MB, swap: 0% (0/8189 MB)||utilisation=41
1311759394||Portfolio14||110 Unix Memory||Usage: real 44% (1727/3950 MB), buffer: 512 MB, cache: 1629 MB, swap: 0% (0/8189 MB)||utilisation=44
1311759394||Mysqldb||110 Unix Memory||Usage: real 10% (404/4050 MB), buffer: 12 MB, cache: 3599 MB, swap: 4% (349/7652 MB)||utilisation=10
1311759394||Portfolio4||110 Unix Memory||Usage: real 39% (1543/3950 MB), buffer: 507 MB, cache: 1585 MB, swap: 0% (0/8189 MB)||utilisation=39
1311759394||Nsefeed||105 SSH processes||PROCS OK: 1 process with command name 'sshd'||
1311759394||Money6||110 Unix Memory||Usage: real 47% (1851/3950 MB), buffer: 634 MB, cache: 1393 MB, swap: 0% (3/8189 MB)||utilisation=47
1311759396||MoneyMemcache||103 /usr||DISK OK - free space: /usr 16139 MB (87% inode=98%):||/usr=2236MB;18406;18987;0;19375
1311759396||MoneyMemcache||102 /home||DISK OK - free space: /home 27216 MB (98% inode=99%):||/home=340MB;27603;28474;0;29056
1311759396||MoneyMemcache||101 /boot||DISK OK - free space: /boot 103 MB (89% inode=99%):||/boot=11MB;114;118;0;121
1311759396||MoneyMemcache||106 Unix Swap||SWAP OK - 100% free (16002 MB out of 16002 MB)||swap=16002MB;800;160;0;16002
1311759396||opsview||114 /||DISK OK - free space: / 12623 MB (89% inode=99%):||/=1486MB;14134;14580;0;14878
1311759396||oraclegendb||103 /usr||DISK OK - free space: /usr 2207 MB (24% inode=92%):||/usr=6980MB;9203;9494;0;9688
1311759396||opsview||108 Unix Load Average||OK - load average: 0.05, 0.10, 0.06||load1=0.050;5.000;9.000;0; load5=0.100;5.000;9.000;0; load15=0.060;5.000;9.000;0;
1311759396||oraclegendb||114 /||DISK OK - free space: / 3245 MB (88% inode=99%):||/=429MB;3681;3797;0;3875
1311759396||oraclegendb||100 /var||DISK OK - free space: /var 23715 MB (86% inode=99%):||/var=3841MB;27603;28474;0;29056
1311759396||Moneymailer||108 Unix Load Average||OK - load average: 0.80, 0.37, 0.29||load1=0.800;5.000;9.000;0; load5=0.370;5.000;9.000;0; load15=0.290;5.000;9.000;0;
1311759396||Mysqldb||101 /boot||DISK OK - free space: /boot 104 MB (90% inode=99%):||/boot=11MB;114;118;0;121
1311759396||Portfolio6||102 /home||DISK OK - free space: /home 13903 MB (98% inode=99%):||/home=206MB;14134;14580;0;14878
1311759396||Moneysearch||108 Unix Load Average||OK - load average: 0.12, 0.11, 0.07||load1=0.120;5.000;9.000;0; load5=0.110;5.000;9.000;0; load15=0.070;5.000;9.000;0;
1311759396||Moneysearch||103 /usr||DISK OK - free space: /usr 6548 MB (70% inode=90%):||/usr=2795MB;9351;9647;0;9844
1311759396||Portfolio17||108 Unix Load Average||OK - load average: 0.27, 0.21, 0.13||load1=0.270;5.000;9.000;0; load5=0.210;5.000;9.000;0; load15=0.130;5.000;9.000;0;
1311759396||Moneysearch||101 /boot||DISK OK - free space: /boot 104 MB (90% inode=99%):||/boot=11MB;114;118;0;121
1311759396||Portfolio5||114 /||DISK OK - free space: / 1544 MB (82% inode=98%):||/=336MB;1883;1943;0;1983
1311759396||Portfolio3||114 /||DISK OK - free space: / 1578 MB (83% inode=98%):||/=302MB;1883;1943;0;1983
1311759396||Portfolio3||101 /boot||DISK OK - free space: /boot 103 MB (89% inode=99%):||/boot=11MB;114;118;0;121
1311759396||Portfolio8||114 /||DISK OK - free space: / 1544 MB (82% inode=98%):||/=336MB;1883;1943;0;1983
1311759396||Portfolio7||100 /var||DISK OK - free space: /var 10055 MB (36% inode=89%):||/var=17342MB;27444;28311;0;28889
1311759396||Portfolio8||108 Unix Load Average||OK - load average: 0.65, 0.46, 0.45||load1=0.650;5.000;9.000;0; load5=0.460;5.000;9.000;0; load15=0.450;5.000;9.000;0;
1311759396||Portfolio3||304 Check Apache-Resin||HTTP OK: HTTP/1.1 200 OK - 275 bytes in 0.002 second response time||time=0.002157s;5.000000;10.000000;0.000000 size=275B;;;0
1311759396||Moneyalert1||103 /usr||DISK OK - free space: /usr 7710 MB (68% inode=87%):||/usr=3502MB;11222;11576;0;11813
1311759396||Portfolio2||304 Check Apache-Resin||HTTP OK: HTTP/1.1 200 OK - 275 bytes in 0.001 second response time||time=0.001200s;5.000000;10.000000;0.000000 size=275B;;;0
1311759396||Portfolio16||304 Check Apache-Resin||HTTP OK: HTTP/1.1 200 OK - 275 bytes in 0.002 second response time||time=0.002137s;5.000000;10.000000;0.000000 size=275B;;;0
1311759396||Moneyalert1||114 /||DISK OK - free space: / 841 MB (45% inode=86%):||/=1027MB;1869;1928;0;1968
1311759396||Moneyalert1||108 Unix Load Average||WARNING - load average: 3.00, 7.38, 7.05||load1=3.000;5.000;9.000;0; load5=7.380;5.000;9.000;0; load15=7.050;5.000;9.000;0;
1311759396||Moneyalert2||106 Unix Swap||SWAP OK - 99% free (3958 MB out of 4000 MB)||swap=3958MB;200;40;0;4000
1311759396||Portfolio14||304 Check Apache-Resin||HTTP OK: HTTP/1.1 200 OK - 275 bytes in 0.002 second response time||time=0.001580s;5.000000;10.000000;0.000000 size=275B;;;0
1311759396||Moneyalert2||114 /||DISK OK - free space: / 829 MB (44% inode=86%):||/=1039MB;1869;1928;0;1968
1311759396||Portfolio8||304 Check Apache-Resin||HTTP OK: HTTP/1.1 200 OK - 275 bytes in 0.002 second response time||time=0.001810s;5.000000;10.000000;0.000000 size=275B;;;0
1311759396||Portfolio15||304 Check Apache-Resin||HTTP OK: HTTP/1.1 200 OK - 275 bytes in 0.002 second response time||time=0.001830s;5.000000;10.000000;0.000000 size=275B;;;0
1311759396||Moneyalert1||100 /var||DISK OK - free space: /var 11086 MB (34% inode=89%):||/var=21386MB;32500;33526;0;34211
1311759396||Moneyalert1||105 SSH processes||PROCS OK: 1 process with command name 'sshd'||
1311759396||Money1||304 Check Apache-Resin||HTTP OK: HTTP/1.1 200 OK - 275 bytes in 0.011 second response time||time=0.010913s;5.000000;10.000000;0.000000 size=275B;;;0
1311759396||Portfolio16||110 Unix Memory||Usage: real 43% (1700/3950 MB), buffer: 506 MB, cache: 1648 MB, swap: 0% (0/8189 MB)||utilisation=43
1311759396||Portfolio6||110 Unix Memory||Usage: real 45% (1758/3950 MB), buffer: 512 MB, cache: 1504 MB, swap: 0% (0/8189 MB)||utilisation=45
1311759396||Portfolio7||110 Unix Memory||Usage: real 65% (2548/3950 MB), buffer: 256 MB, cache: 1030 MB, swap: 0% (0/8189 MB)||utilisation=65
1311759396||Portfolio15||100 /var||DISK OK - free space: /var 10549 MB (38% inode=89%):||/var=16849MB;27444;28311;0;28889
1311759396||Money5||110 Unix Memory||Usage: real 45% (1762/3950 MB), buffer: 663 MB, cache: 1413 MB, swap: 0% (3/8189 MB)||utilisation=45
1311759396||Money3||110 Unix Memory||Usage: real 44% (1737/3950 MB), buffer: 655 MB, cache: 1434 MB, swap: 0% (3/8189 MB)||utilisation=44
1311759396||Money2||110 Unix Memory||Usage: real 45% (1761/3950 MB), buffer: 679 MB, cache: 1380 MB, swap: 0% (0/8189 MB)||utilisation=45
1311759396||Bsefeed||152 Bse Memcache2||OK - object exists in memcached on 10.50.31.1:||server=10.50.31.1:11212, elapsedtime=0.053523, key=17023928, objval=Sensex0.00.00.00.0000.027 Jul,15:06:1918448.50.018518.221702392821206.7712316.118447.6700000
1311759396||Bsefeed||153 Bse Memcache3||OK - object exists in memcached on 10.50.11.18:||server=10.50.11.18:11213, elapsedtime=0.0021, key=17023928, objval=Sensex0.00.00.00.0000.027 Jul,15:06:1918448.50.018518.221702392821206.7712316.118447.6700000
1311759396||Nsefeed||226 Nsememcache2||OK - object exists in memcached on 10.50.31.1:||server=10.50.31.1:11211, elapsedtime=0.005964, key=17023929-live, objval=SP CNX NIFTY 5591.70 5521.500000027 Jul,15:06:23 5574.8505574.8517023929 6338.50 5177.705552.2000 5588.55 5574.85
1311759458||Mysqldb||114 /||DISK OK - free space: / 1728 MB (92% inode=98%):||/=140MB;1869;1928;0;1968
1311759458||Money5||102 /home||DISK OK - free space: /home 13903 MB (98% inode=99%):||/home=206MB;14134;14580;0;14878
1311759458||Nsefeed||103 /usr||DISK OK - free space: /usr 4642 MB (56% inode=90%):||/usr=3543MB;8192;8451;0;8624
1311759458||Money3||108 Unix Load Average||OK - load average: 3.00, 3.37, 3.66||load1=3.000;5.000;9.000;0; load5=3.370;5.000;9.000;0; load15=3.660;5.000;9.000;0;
1311759458||Money2||108 Unix Load Average||OK - load average: 2.56, 2.53, 2.34||load1=2.560;5.000;9.000;0; load5=2.530;5.000;9.000;0; load15=2.340;5.000;9.000;0;
1311759458||Moneysearch1||100 /var||DISK OK - free space: /var 12708 MB (32% inode=96%):||/var=26303MB;39044;40277;0;41099
1311759458||Moneysearch1||103 /usr||DISK OK - free space: /usr 5846 MB (62% inode=91%):||/usr=3497MB;9351;9647;0;9844
1311759458||Mysqldb||106 Unix Swap||SWAP OK - 96% free (7651 MB out of 8001 MB)||swap=7651MB;400;80;0;8001
1311759458||Portfolio2||105 SSH processes||PROCS OK: 1 process with command name 'sshd'||
1311759458||Moneysearch||106 Unix Swap||SWAP OK - 100% free (4000 MB out of 4000 MB)||swap=4000MB;200;40;0;4000
1311759458||Portfolio14||105 SSH processes||PROCS OK: 1 process with command name 'sshd'||
1311759458||Moneymailer||101 /boot||DISK OK - free space: /boot 104 MB (90% inode=99%):||/boot=11MB;114;118;0;121
1311759458||Moneysearch||114 /||DISK OK - free space: / 1721 MB (92% inode=97%):||/=146MB;1869;1928;0;1968
1311759458||Money6||100 /var||DISK OK - free space: /var 9413 MB (34% inode=83%):||/var=17985MB;27444;28311;0;28889
1311759458||Moneymailer||105 SSH processes||PROCS OK: 1 process with command name 'sshd'||
1311759458||Money7||105 SSH processes||PROCS OK: 1 process with command name 'sshd'||
1311759458||Portfolio14||114 /||DISK OK - free space: / 1591 MB (84% inode=99%):||/=289MB;1883;1943;0;1983
1311759458||Moneysearch||102 /home||DISK OK - free space: /home 13251 MB (94% inode=91%):||/home=761MB;14023;14466;0;14762
1311759458||MoneyMemcache-1||114 /||DISK OK - free space: / 1460 MB (78% inode=90%):||/=408MB;1869;1928;0;1968
1311759458||MoneyMemcache-1||100 /var||DISK OK - free space: /var 25509 MB (72% inode=97%):||/var=9768MB;35307;36422;0;37166
1311759458||MoneyMemcache-1||103 /usr||DISK OK - free space: /usr 4880 MB (58% inode=90%):||/usr=3525MB;8413;8678;0;8856
1311759458||Portfolio7||105 SSH processes||PROCS OK: 1 process with command name 'sshd'||
1311759458||Money5||105 SSH processes||PROCS OK: 1 process with command name 'sshd'||
1311759458||MoneyMemcache-1||106 Unix Swap||SWAP OK - 100% free (4000 MB out of 4000 MB)||swap=4000MB;200;40;0;4000
1311759458||Portfolio15||103 /usr||DISK OK - free space: /usr 9272 MB (82% inode=97%):||/usr=2020MB;11310;11667;0;11906
1311759458||Portfolio16||114 /||DISK OK - free space: / 1544 MB (82% inode=97%):||/=336MB;1883;1943;0;1983
1311759458||Portfolio14||100 /var||DISK OK - free space: /var 10548 MB (38% inode=89%):||/var=16849MB;27444;28311;0;28889
1311759458||Portfolio2||101 /boot||DISK OK - free space: /boot 103 MB (89% inode=99%):||/boot=11MB;114;118;0;121
1311759458||Portfolio14||106 Unix Swap||SWAP OK - 100% free (8189 MB out of 8189 MB)||swap=8189MB;409;81;0;8189
1311759458||Money2||106 Unix Swap||SWAP OK - 100% free (8189 MB out of 8189 MB)||swap=8189MB;409;81;0;8189
1311759458||Portfolio3||106 Unix Swap||SWAP OK - 100% free (8189 MB out of 8189 MB)||swap=8189MB;409;81;0;8189
1311759458||Mysqldb||102 /home||DISK OK - free space: /home 4626 MB (99% inode=99%):||/home=42MB;4672;4819;0;4918
1311759458||Portfolio17||102 /home||DISK OK - free space: /home 13902 MB (98% inode=99%):||/home=207MB;14134;14580;0;14878
1311759458||Portfolio2||103 /usr||DISK OK - free space: /usr 9265 MB (82% inode=97%):||/usr=2026MB;11310;11667;0;11906
1311759458||Money8||105 SSH processes||PROCS OK: 1 process with command name 'sshd'||
1311759458||MoneyMemcache-1||108 Unix Load Average||OK - load average: 1.80, 1.74, 1.65||load1=1.800;5.000;9.000;0; load5=1.740;5.000;9.000;0; load15=1.650;5.000;9.000;0;
1311759458||Money6||101 /boot||DISK OK - free space: /boot 103 MB (89% inode=99%):||/boot=11MB;114;118;0;121
1311759458||Portfolio4||103 /usr||DISK OK - free space: /usr 9263 MB (82% inode=97%):||/usr=2028MB;11310;11667;0;11906
1311759458||Money4||105 SSH processes||PROCS OK: 1 process with command name 'sshd'||
1311759459||Portfolio16||106 Unix Swap||SWAP OK - 100% free (8189 MB out of 8189 MB)||swap=8189MB;409;81;0;8189
1311759458||Bsefeed||105 SSH processes||PROCS OK: 1 process with command name 'sshd'||
1311759459||Money2||100 /var||DISK OK - free space: /var 14357 MB (52% inode=90%):||/var=13040MB;27444;28311;0;28889
1311759459||Portfolio7||103 /usr||DISK OK - free space: /usr 9274 MB (82% inode=97%):||/usr=2017MB;11310;11667;0;11906
1311759459||Portfolio7||114 /||DISK OK - free space: / 1495 MB (79% inode=97%):||/=385MB;1883;1943;0;1983
1311759459||Money6||106 Unix Swap||SWAP OK - 100% free (8186 MB out of 8189 MB)||swap=8186MB;409;81;0;8189
1311759459||Moneyalert2||105 SSH processes||PROCS OK: 1 process with command name 'sshd'||
1311759459||Money8||103 /usr||DISK OK - free space: /usr 8663 MB (76% inode=97%):||/usr=2628MB;11310;11667;0;11906
1311759459||Money4||110 Unix Memory||Usage: real 46% (1822/3950 MB), buffer: 595 MB, cache: 1445 MB, swap: 0% (0/8189 MB)||utilisation=46
1311759459||Money1||110 Unix Memory||Usage: real 43% (1695/3950 MB), buffer: 888 MB, cache: 1242 MB, swap: 0% (3/8189 MB)||utilisation=43
1311759459||Bsefeed||152 Bse Memcache2||OK - object exists in memcached on 10.50.31.1:||server=10.50.31.1:11212, elapsedtime=0.052785, key=17023928, objval=Sensex0.00.00.00.0000.027 Jul,15:07:2318443.270.018518.221702392821206.7712316.118442.6600000
1311759459||Bsefeed||153 Bse Memcache3||OK - object exists in memcached on 10.50.11.18:||server=10.50.11.18:11213, elapsedtime=0.009332, key=17023928, objval=Sensex0.00.00.00.0000.027 Jul,15:07:2318443.270.018518.221702392821206.7712316.118442.6600000
1311759459||Nsefeed||225 Nsememcache1||OK - object exists in memcached on 10.50.31.1:||server=10.50.31.1:11211, elapsedtime=0.005177, key=17023929-live, objval=SP CNX NIFTY 5591.70 5521.500000027 Jul,15:07:26 5574.8505574.8517023929 6338.50 5177.705552.25000 5588.55 5574.85
1311759459||Bsefeed||151 Bse Memcache1||OK - object exists in memcached on 10.50.11.18:||server=10.50.11.18:11211, elapsedtime=0.060592, key=17023928, objval=Sensex0.00.00.00.0000.027 Jul,15:07:2318443.270.018518.221702392821206.7712316.118442.6600000
1311759517||oraclegendb||108 Unix Load Average||OK - load average: 4.06, 4.89, 4.88||load1=4.060;5.000;9.000;0; load5=4.890;5.000;9.000;0; load15=4.880;5.000;9.000;0;
1311759517||oraclegendb||102 /home||DISK OK - free space: /home 3984 MB (43% inode=99%):||/home=5203MB;9203;9494;0;9688
1311759517||Portfolio3||103 /usr||DISK OK - free space: /usr 9287 MB (82% inode=97%):||/usr=2004MB;11310;11667;0;11906
1311759517||Money8||102 /home||DISK OK - free space: /home 13903 MB (98% inode=99%):||/home=206MB;14134;14580;0;14878
1311759517||Portfolio6||114 /||DISK OK - free space: / 1487 MB (79% inode=97%):||/=393MB;1883;1943;0;1983
1311759517||Portfolio6||101 /boot||DISK OK - free space: /boot 103 MB (89% inode=99%):||/boot=11MB;114;118;0;121
1311759517||Portfolio5||105 SSH processes||PROCS OK: 1 process with command name 'sshd'||
1311759517||Portfolio6||100 /var||DISK OK - free space: /var 9877 MB (36% inode=89%):||/var=17521MB;27444;28311;0;28889
1311759517||Portfolio5||101 /boot||DISK OK - free space: /boot 103 MB (89% inode=99%):||/boot=11MB;114;118;0;121
1311759517||Money1||105 SSH processes||PROCS OK: 1 process with command name 'sshd'||
1311759517||Money8||100 /var||DISK OK - free space: /var 9653 MB (35% inode=83%):||/var=17745MB;27444;28311;0;28889
1311759517||Portfolio5||103 /usr||DISK OK - free space: /usr 9270 MB (82% inode=97%):||/usr=2021MB;11310;11667;0;11906
1311759517||Portfolio4||108 Unix Load Average||OK - load average: 0.29, 0.39, 0.37||load1=0.290;5.000;9.000;0; load5=0.390;5.000;9.000;0; load15=0.370;5.000;9.000;0;
1311759517||Portfolio16||108 Unix Load Average||OK - load average: 0.35, 0.35, 0.37||load1=0.350;5.000;9.000;0; load5=0.350;5.000;9.000;0; load15=0.370;5.000;9.000;0;
1311759517||Portfolio4||100 /var||DISK OK - free space: /var 9753 MB (35% inode=89%):||/var=17644MB;27444;28311;0;28889
1311759517||Portfolio6||108 Unix Load Average||OK - load average: 0.31, 0.35, 0.35||load1=0.310;5.000;9.000;0; load5=0.350;5.000;9.000;0; load15=0.350;5.000;9.000;0;
1311759517||Portfolio3||108 Unix Load Average||OK - load average: 0.39, 0.45, 0.44||load1=0.390;5.000;9.000;0; load5=0.450;5.000;9.000;0; load15=0.440;5.000;9.000;0;
1311759517||Portfolio3||100 /var||DISK OK - free space: /var 9712 MB (35% inode=89%):||/var=17686MB;27444;28311;0;28889
1311759517||Portfolio8||100 /var||DISK OK - free space: /var 10097 MB (36% inode=89%):||/var=17301MB;27444;28311;0;28889
1311759517||Moneysearch1||114 /||DISK OK - free space: / 1006 MB (53% inode=78%):||/=862MB;1869;1928;0;1968
1311759517||Portfolio16||101 /boot||DISK OK - free space: /boot 103 MB (89% inode=99%):||/boot=11MB;114;118;0;121
1311759517||Money1||106 Unix Swap||SWAP OK - 100% free (8186 MB out of 8189 MB)||swap=8186MB;409;81;0;8189
1311759517||Portfolio7||101 /boot||DISK OK - free space: /boot 103 MB (89% inode=99%):||/boot=11MB;114;118;0;121
1311759517||oraclegendb||110 Unix Memory||Usage: real 6% (977/15994 MB), buffer: 56 MB, cache: 14872 MB, swap: 1% (424/31997 MB)||utilisation=6
1311759517||Money7||100 /var||DISK OK - free space: /var 9215 MB (33% inode=82%):||/var=18183MB;27444;28311;0;28889
1311759517||MoneyMemcache-1||102 /home||DISK OK - free space: /home 10456 MB (74% inode=53%):||/home=3555MB;14023;14466;0;14762
1311759517||Portfolio7||106 Unix Swap||SWAP OK - 100% free (8189 MB out of 8189 MB)||swap=8189MB;409;81;0;8189
1311759517||Portfolio4||114 /||DISK OK - free space: / 1542 MB (82% inode=97%):||/=337MB;1883;1943;0;1983
1311759517||Nsefeed||106 Unix Swap||SWAP OK - 100% free (4000 MB out of 4000 MB)||swap=4000MB;200;40;0;4000
1311759517||Portfolio7||102 /home||DISK OK - free space: /home 13903 MB (98% inode=99%):||/home=206MB;14134;14580;0;14878
1311759517||Portfolio2||100 /var||DISK OK - free space: /var 9590 MB (35% inode=89%):||/var=17807MB;27444;28311;0;28889
1311759517||Portfolio7||108 Unix Load Average||OK - load average: 0.30, 0.45, 0.45||load1=0.300;5.000;9.000;0; load5=0.450;5.000;9.000;0; load15=0.450;5.000;9.000;0;
1311759517||Money4||101 /boot||DISK OK - free space: /boot 103 MB (89% inode=99%):||/boot=11MB;114;118;0;121
1311759517||Bsefeed||108 Unix Load Average||WARNING - load average: 6.11, 5.70, 5.65||load1=6.110;5.000;9.000;0; load5=5.700;5.000;9.000;0; load15=5.650;5.000;9.000;0;
1311759517||Portfolio3||110 Unix Memory||Usage: real 43% (1695/3950 MB), buffer: 504 MB, cache: 1570 MB, swap: 0% (0/8189 MB)||utilisation=43
1311759517||Money7||114 /||DISK OK - free space: / 1544 MB (82% inode=97%):||/=336MB;1883;1943;0;1983
1311759517||Portfolio15||110 Unix Memory||Usage: real 43% (1684/3950 MB), buffer: 519 MB, cache: 1651 MB, swap: 0% (0/8189 MB)||utilisation=43
1311759517||Portfolio2||110 Unix Memory||Usage: real 42% (1660/3950 MB), buffer: 507 MB, cache: 1524 MB, swap: 0% (0/8189 MB)||utilisation=42
1311759517||Portfolio17||110 Unix Memory||Usage: real 45% (1772/3950 MB), buffer: 551 MB, cache: 1495 MB, swap: 1% (42/8189 MB)||utilisation=45
1311759517||Moneysearch1||110 Unix Memory||Usage: real 17% (673/3992 MB), buffer: 278 MB, cache: 2501 MB, swap: 0% (0/4000 MB)||utilisation=17
1311759517||Moneysearch||110 Unix Memory||Usage: real 8% (314/4050 MB), buffer: 559 MB, cache: 469 MB, swap: 0% (0/4001 MB)||utilisation=8
1311759517||Nsefeed||108 Unix Load Average||WARNING - load average: 6.77, 6.83, 6.85||load1=6.770;5.000;9.000;0; load5=6.830;5.000;9.000;0; load15=6.850;5.000;9.000;0;
1311759517||Nsefeed||201 check_feed_files||OK: 0/1 -- /var/moneybsefeed/bsefeedoraclebkp: Does not exist||
1311759517||Nsefeed||110 Unix Memory||Usage: real 16% (624/3992 MB), buffer: 230 MB, cache: 2978 MB, swap: 0% (0/4001 MB)||utilisation=16
1311759517||Moneyalert2||103 /usr||DISK OK - free space: /usr 8303 MB (74% inode=88%):||/usr=2909MB;11222;11576;0;11813
1311759517||Moneyalert2||110 Unix Memory||Usage: real 31% (1237/4050 MB), buffer: 143 MB, cache: 1904 MB, swap: 1% (42/3959 MB)||utilisation=31
1311759517||Nsefeed||227 Nsememcache3||OK - object exists in memcached on 10.50.31.1:||server=10.50.31.1:11213, elapsedtime=0.007349, key=17023929-live, objval=SP CNX NIFTY 5591.70 5521.500000027 Jul,15:08:24 5574.8505574.8517023929 6338.50 5177.705550.45000 5588.55 5574.85
1311759517||Moneyalert1||101 /boot||DISK OK - free space: /boot 28 MB (24% inode=99%):||/boot=86MB;114;118;0;121
1311759585||Money4||304 Check Apache-Resin||HTTP OK: HTTP/1.1 200 OK - 275 bytes in 0.002 second response time||time=0.002057s;5.000000;10.000000;0.000000 size=275B;;;0
1311759585||Portfolio4||304 Check Apache-Resin||HTTP OK: HTTP/1.1 200 OK - 275 bytes in 0.002 second response time||time=0.002318s;5.000000;10.000000;0.000000 size=275B;;;0
1311759585||oraclegendb||101 /boot||DISK OK - free space: /boot 103 MB (89% inode=99%):||/boot=11MB;114;118;0;121
1311759585||MoneyMemcache||114 /||DISK OK - free space: / 20610 MB (97% inode=99%):||/=619MB;21264;21936;0;22384
1311759585||Money3||102 /home||DISK OK - free space: /home 13903 MB (98% inode=99%):||/home=206MB;14134;14580;0;14878
1311759585||oraclegendb||106 Unix Swap||SWAP OK - 99% free (31572 MB out of 31996 MB)||swap=31572MB;1599;319;0;31996
1311759585||Money2||103 /usr||DISK OK - free space: /usr 9217 MB (81% inode=97%):||/usr=2074MB;11310;11667;0;11906
1311759585||Money8||106 Unix Swap||SWAP OK - 100% free (8186 MB out of 8189 MB)||swap=8186MB;409;81;0;8189
1311759585||Moneysearch||100 /var||DISK OK - free space: /var 10197 MB (29% inode=99%):||/var=24152MB;34378;35464;0;36188
1311759585||Moneymailer||103 /usr||DISK OK - free space: /usr 12342 MB (88% inode=95%):||/usr=1670MB;14023;14466;0;14762
1311759585||Moneymailer||106 Unix Swap||SWAP OK - 100% free (1999 MB out of 2000 MB)||swap=1999MB;100;20;0;2000
1311759585||Portfolio5||108 Unix Load Average||OK - load average: 0.15, 0.34, 0.39||load1=0.150;5.000;9.000;0; load5=0.340;5.000;9.000;0; load15=0.390;5.000;9.000;0;
1311759585||Moneymailer||100 /var||DISK OK - free space: /var 12053 MB (86% inode=99%):||/var=1958MB;14023;14466;0;14762
1311759585||Portfolio2||108 Unix Load Average||OK - load average: 0.59, 0.44, 0.41||load1=0.590;5.000;9.000;0; load5=0.440;5.000;9.000;0; load15=0.410;5.000;9.000;0;
1311759585||MoneyMemcache-1||101 /boot||DISK OK - free space: /boot 100 MB (87% inode=99%):||/boot=14MB;114;118;0;121
1311759585||Money5||101 /boot||DISK OK - free space: /boot 103 MB (89% inode=99%):||/boot=11MB;114;118;0;121
1311759585||Portfolio8||103 /usr||DISK OK - free space: /usr 9270 MB (82% inode=97%):||/usr=2021MB;11310;11667;0;11906
1311759585||Money6||105 SSH processes||PROCS OK: 1 process with command name 'sshd'||
1311759585||Portfolio4||101 /boot||DISK OK - free space: /boot 103 MB (89% inode=99%):||/boot=11MB;114;118;0;121
1311759585||Portfolio4||106 Unix Swap||SWAP OK - 100% free (8189 MB out of 8189 MB)||swap=8189MB;409;81;0;8189
1311759585||Moneysearch1||106 Unix Swap||SWAP OK - 100% free (4000 MB out of 4000 MB)||swap=4000MB;200;40;0;4000
1311759585||Portfolio2||106 Unix Swap||SWAP OK - 100% free (8189 MB out of 8189 MB)||swap=8189MB;409;81;0;8189
1311759585||Portfolio14||108 Unix Load Average||OK - load average: 0.31, 0.41, 0.37||load1=0.310;5.000;9.000;0; load5=0.410;5.000;9.000;0; load15=0.370;5.000;9.000;0;
1311759585||Money5||106 Unix Swap||SWAP OK - 100% free (8186 MB out of 8189 MB)||swap=8186MB;409;81;0;8189
1311759585||Portfolio4||102 /home||DISK OK - free space: /home 13903 MB (98% inode=99%):||/home=206MB;14134;14580;0;14878
1311759585||Nsefeed||101 /boot||DISK OK - free space: /boot 100 MB (87% inode=99%):||/boot=14MB;114;118;0;121
1311759585||Money1||108 Unix Load Average||OK - load average: 2.19, 3.10, 3.12||load1=2.190;5.000;9.000;0; load5=3.100;5.000;9.000;0; load15=3.120;5.000;9.000;0;
1311759585||Bsefeed||102 /home||DISK OK - free space: /home 13922 MB (99% inode=99%):||/home=89MB;14023;14466;0;14762
1311759585||Portfolio8||102 /home||DISK OK - free space: /home 13903 MB (98% inode=99%):||/home=206MB;14134;14580;0;14878
1311759585||Portfolio8||106 Unix Swap||SWAP OK - 100% free (8189 MB out of 8189 MB)||swap=8189MB;409;81;0;8189
1311759585||Moneysearch1||101 /boot||DISK OK - free space: /boot 100 MB (87% inode=99%):||/boot=14MB;114;118;0;121
1311759585||Moneysearch1||108 Unix Load Average||OK - load average: 0.10, 0.14, 0.09||load1=0.100;5.000;9.000;0; load5=0.140;5.000;9.000;0; load15=0.090;5.000;9.000;0;
1311759585||Portfolio15||106 Unix Swap||SWAP OK - 100% free (8189 MB out of 8189 MB)||swap=8189MB;409;81;0;8189
1311759585||Money5||108 Unix Load Average||OK - load average: 1.97, 2.51, 2.35||load1=1.970;5.000;9.000;0; load5=2.510;5.000;9.000;0; load15=2.350;5.000;9.000;0;
1311759585||Bsefeed||153 Bse Memcache3||OK - object exists in memcached on 10.50.11.18:||server=10.50.11.18:11213, elapsedtime=0.005852, key=17023928, objval=Sensex0.00.00.00.0000.027 Jul,15:09:2718432.420.018518.221702392821206.7712316.118432.2700000
1311759585||Money6||102 /home||DISK OK - free space: /home 13903 MB (98% inode=99%):||/home=206MB;14134;14580;0;14878
1311759585||Money1||102 /home||DISK OK - free space: /home 13903 MB (98% inode=99%):||/home=207MB;14134;14580;0;14878
1311759585||Money4||114 /||DISK OK - free space: / 1455 MB (77% inode=97%):||/=425MB;1883;1943;0;1983
1311759585||Money6||103 /usr||DISK OK - free space: /usr 8664 MB (76% inode=97%):||/usr=2627MB;11310;11667;0;11906
1311759585||Money7||101 /boot||DISK OK - free space: /boot 103 MB (89% inode=99%):||/boot=11MB;114;118;0;121
1311759585||Bsefeed||152 Bse Memcache2||OK - object exists in memcached on 10.50.31.1:||server=10.50.31.1:11212, elapsedtime=0.011502, key=17023928, objval=Sensex0.00.00.00.0000.027 Jul,15:09:2718432.420.018518.221702392821206.7712316.118432.2700000
1311759585||Moneysearch||105 SSH processes||PROCS OK: 1 process with command name 'sshd'||
1311759585||Nsefeed||114 /||DISK OK - free space: / 4418 MB (94% inode=95%):||/=249MB;4672;4819;0;4918
1311759585||Money3||101 /boot||DISK OK - free space: /boot 103 MB (89% inode=99%):||/boot=11MB;114;118;0;121
1311759585||Bsefeed||100 /var||DISK OK - free space: /var 7202 MB (20% inode=2%):||/var=28075MB;35307;36422;0;37166
1311759585||Money7||110 Unix Memory||Usage: real 46% (1803/3950 MB), buffer: 753 MB, cache: 1319 MB, swap: 0% (3/8189 MB)||utilisation=46
1311759585||MoneyMemcache-1||110 Unix Memory||Usage: real 44% (1757/3992 MB), buffer: 118 MB, cache: 1764 MB, swap: 0% (0/4000 MB)||utilisation=44
