2017-11-16 15:07:58,556 296   INFO  [com.meritsystems.monitor.MX] (Timer-0:) submetrics hostipaddress APP
2017-11-16 15:07:58,556 296   INFO  [com.meritsystems.monitor.Engine] (Timer-0:) Before Sending to CEP
2017-11-16 15:07:58,557 297   INFO  [com.meritsystems.report.ReportDispatcher] (Timer-0:) Entering method generateReports
2017-11-16 15:07:58,557 297   INFO  [com.meritsystems.report.ReportDispatcher] (Timer-0:) Creating report for com.meritsystems.report.tcp.TCPReport
2017-11-16 15:07:58,557 297   INFO  [com.meritsystems.report.ReportDispatcher] (Timer-0:) Entering method report
2017-11-16 15:07:58,559 299   INFO  [com.meritsystems.report.Report] (Timer-0:) Entering method processArguments
2017-11-16 15:07:58,559 299   INFO  [com.meritsystems.report.Report] (Timer-0:)  configAttribute com.meritsystems.report.tcp.TCPReport.args
2017-11-16 15:07:58,560 300   INFO  [com.meritsystems.report.Report] (Timer-0:)  val errorfilepath=eventlog/error.log#host=localhost#port=3390#retryinterval=10
2017-11-16 15:07:58,560 300   INFO  [com.meritsystems.report.Report] (Timer-0:) Arg errorfilepath=eventlog/error.log
2017-11-16 15:07:58,560 300   INFO  [com.meritsystems.report.Report] (Timer-0:) Arg host=localhost
2017-11-16 15:07:58,560 300   INFO  [com.meritsystems.report.Report] (Timer-0:) Arg port=3390
2017-11-16 15:07:58,560 300   INFO  [com.meritsystems.report.Report] (Timer-0:) Arg retryinterval=10
2017-11-16 15:07:58,560 300   INFO  [com.meritsystems.report.Report] (Timer-0:)  arguments {retryinterval=10, errorfilepath=eventlog/error.log, port=3390, host=localhost}
2017-11-16 15:07:58,560 300   INFO  [com.meritsystems.report.Report] (Timer-0:) Exiting method processArguments
2017-11-16 15:07:58,560 300   INFO  [com.meritsystems.report.tcp.TCPReport] (Timer-0:) Entering method report
2017-11-16 15:07:58,562 302   INFO  [com.meritsystems.report.Report] (Timer-0:) String representation of 13136008
2017-11-16 15:07:58,563 303   INFO  [com.meritsystems.report.Report] (Timer-0:) String representation is 13136008
2017-11-16 15:07:58,563 303   INFO  [com.meritsystems.report.Report] (Timer-0:) String representation of 249561088
2017-11-16 15:07:58,563 303   INFO  [com.meritsystems.report.Report] (Timer-0:) String representation is 249561088
2017-11-16 15:07:58,563 303   INFO  [com.meritsystems.report.Report] (Timer-0:) String representation of 260046848
2017-11-16 15:07:58,563 303   INFO  [com.meritsystems.report.Report] (Timer-0:) String representation is 260046848
2017-11-16 15:07:58,563 303   INFO  [com.meritsystems.report.Report] (Timer-0:) String representation of 954728448
2017-11-16 15:07:58,563 303   INFO  [com.meritsystems.report.Report] (Timer-0:) String representation is 954728448
2017-11-16 15:07:58,563 303   INFO  [com.meritsystems.report.Report] (Timer-0:) String representation of 15685280
2017-11-16 15:07:58,563 303   INFO  [com.meritsystems.report.Report] (Timer-0:) String representation is 15685280
2017-11-16 15:07:58,563 303   INFO  [com.meritsystems.report.Report] (Timer-0:) String representation of -1
2017-11-16 15:07:58,563 303   INFO  [com.meritsystems.report.Report] (Timer-0:) String representation is -1
2017-11-16 15:07:58,563 303   INFO  [com.meritsystems.report.Report] (Timer-0:) String representation of 8
2017-11-16 15:07:58,563 303   INFO  [com.meritsystems.report.Report] (Timer-0:) String representation is 8
2017-11-16 15:07:58,563 303   INFO  [com.meritsystems.report.Report] (Timer-0:) String representation of 4.10.0-38-generic
2017-11-16 15:07:58,563 303   INFO  [com.meritsystems.report.Report] (Timer-0:) String representation is 4.10.0-38-generic
2017-11-16 15:07:58,563 303   INFO  [com.meritsystems.report.Report] (Timer-0:) String representation of 0.75
2017-11-16 15:07:58,563 303   INFO  [com.meritsystems.report.Report] (Timer-0:) String representation is 0.75
2017-11-16 15:07:58,564 304   INFO  [com.meritsystems.report.Report] (Timer-0:) String representation of 13
2017-11-16 15:07:58,564 304   INFO  [com.meritsystems.report.Report] (Timer-0:) String representation is 13
2017-11-16 15:07:58,564 304   INFO  [com.meritsystems.report.Report] (Timer-0:) String representation of 15
2017-11-16 15:07:58,564 304   INFO  [com.meritsystems.report.Report] (Timer-0:) String representation is 15
2017-11-16 15:07:58,564 304   INFO  [com.meritsystems.report.Report] (Timer-0:) String representation of 15
2017-11-16 15:07:58,564 304   INFO  [com.meritsystems.report.Report] (Timer-0:) String representation is 15
2017-11-16 15:07:58,564 304   INFO  [com.meritsystems.report.Report] (Timer-0:) String representation of 16
2017-11-16 15:07:58,564 304   INFO  [com.meritsystems.report.Report] (Timer-0:) String representation is 16
2017-11-16 15:07:58,564 304   INFO  [com.meritsystems.report.Report] (Timer-0:) String representation of 40000000
2017-11-16 15:07:58,564 304   INFO  [com.meritsystems.report.Report] (Timer-0:) String representation is 40000000
2017-11-16 15:07:58,564 304   INFO  [com.meritsystems.report.Report] (Timer-0:) String representation of 1990
2017-11-16 15:07:58,564 304   INFO  [com.meritsystems.report.Report] (Timer-0:) String representation is 1990
2017-11-16 15:07:58,564 304   INFO  [com.meritsystems.report.Report] (Timer-0:) String representation of 1991
2017-11-16 15:07:58,564 304   INFO  [com.meritsystems.report.Report] (Timer-0:) String representation is 1991
2017-11-16 15:07:58,564 304   INFO  [com.meritsystems.report.Report] (Timer-0:) String representation of 0
2017-11-16 15:07:58,564 304   INFO  [com.meritsystems.report.Report] (Timer-0:) String representation is 0
2017-11-16 15:07:58,564 304   INFO  [com.meritsystems.report.Report] (Timer-0:) String representation of true
2017-11-16 15:07:58,564 304   INFO  [com.meritsystems.report.Report] (Timer-0:) String representation is true
2017-11-16 15:07:58,564 304   INFO  [com.meritsystems.report.Report] (Timer-0:) String representation of jvm
2017-11-16 15:07:58,565 305   INFO  [com.meritsystems.report.Report] (Timer-0:) String representation is jvm
2017-11-16 15:07:58,565 305   INFO  [com.meritsystems.report.Report] (Timer-0:) String representation of 127.0.0.1
2017-11-16 15:07:58,565 305   INFO  [com.meritsystems.report.Report] (Timer-0:) String representation is 127.0.0.1
2017-11-16 15:07:58,568 308   INFO  [com.meritsystems.report.Report] (Timer-0:) String representation of Thu Nov 16 15:07:58 IST 2017
2017-11-16 15:07:58,568 308   INFO  [com.meritsystems.report.Report] (Timer-0:) String representation is 2017/11/16 15:07:58
2017-11-16 15:07:58,569 309   INFO  [com.meritsystems.report.Report] (Timer-0:) String representation of service:jmx:rmi:///jndi/rmi://127.0.0.1:5558/jmxrmi
2017-11-16 15:07:58,569 309   INFO  [com.meritsystems.report.Report] (Timer-0:) String representation is service:jmx:rmi:///jndi/rmi://127.0.0.1:5558/jmxrmi
2017-11-16 15:07:58,569 309   INFO  [com.meritsystems.report.Report] (Timer-0:) String representation of 127.0.0.1
2017-11-16 15:07:58,569 309   INFO  [com.meritsystems.report.Report] (Timer-0:) String representation is 127.0.0.1
2017-11-16 15:07:58,569 309   INFO  [com.meritsystems.report.tcp.TCPReport] (Timer-0:) Sending data to CEP Engine : stream=JVMEvent,CustomerID=merit.actionvector.com,resourceType=JVM,resourceSubType=JVM,heapMemoryUsage.used=13136008,heapMemoryUsage.committed=249561088,heapMemoryUsage.init=260046848,heapMemoryUsage.max=954728448,nonHeapMemoryUsage.used=15685280,nonHeapMemoryUsage.max=-1,availableProcessors=8,version=4.10.0-38-generic,systemLoadAverage=0.75,daemonThreadCount=13,peakThreadCount=15,threadCount=15,totalStartedThreadCount=16,currentThreadUserTime=40000000,loadedClassCount=1990,totalLoadedClassCount=1991,unloadedClassCount=0,alive=true,clustername=jvm,HostName=127.0.0.1,time=1510825078,jmxurl=service:jmx:rmi:///jndi/rmi://127.0.0.1:5558/jmxrmi,hostipaddress=127.0.0.1,resourceId=5558,availability=1
2017-11-16 15:07:58,569 309   INFO  [com.meritsystems.report.tcp.TCPReport] (Timer-0:) Entering method SendData
2017-11-16 15:07:58,569 309   INFO  [com.meritsystems.report.tcp.TCPReport] (Timer-0:) host localhost port 3390 retryIntervalVal 10 errorFilepath eventlog/error.log
2017-11-16 15:07:58,569 309   INFO  [com.meritsystems.report.tcp.TCPReport] (Timer-0:) Retry count 0
2017-11-16 15:07:58,569 309   INFO  [com.meritsystems.report.tcp.TCPReport] (Timer-0:) Entering method sendData 
2017-11-16 15:07:58,569 309   DEBUG [com.prokosha.ssl.tcp.SSLClient] (Timer-0:) Connecting to FC at host:localhost port: 3390
2017-11-16 15:07:58,702 442   DEBUG [com.prokosha.ssl.tcp.SSLClient] (Timer-0:) Connected to FC at host:localhost and port: 3390...
2017-11-16 15:07:58,702 442   INFO  [com.prokosha.ssl.tcp.SSLClient] (Timer-0:) Sending event to FC: stream=JVMEvent,CustomerID=merit.actionvector.com,resourceType=JVM,resourceSubType=JVM,heapMemoryUsage.used=13136008,heapMemoryUsage.committed=249561088,heapMemoryUsage.init=260046848,heapMemoryUsage.max=954728448,nonHeapMemoryUsage.used=15685280,nonHeapMemoryUsage.max=-1,availableProcessors=8,version=4.10.0-38-generic,systemLoadAverage=0.75,daemonThreadCount=13,peakThreadCount=15,threadCount=15,totalStartedThreadCount=16,currentThreadUserTime=40000000,loadedClassCount=1990,totalLoadedClassCount=1991,unloadedClassCount=0,alive=true,clustername=jvm,HostName=127.0.0.1,time=1510825078,jmxurl=service:jmx:rmi:///jndi/rmi://127.0.0.1:5558/jmxrmi,hostipaddress=127.0.0.1,resourceId=5558,availability=1
2017-11-16 15:07:58,908 648   INFO  [com.prokosha.ssl.tcp.SSLClient] (Timer-0:) event sent successfully
2017-11-16 15:07:58,908 648   INFO  [com.meritsystems.report.tcp.TCPReport] (Timer-0:) Data sent to localhost
2017-11-16 15:07:58,908 648   INFO  [com.meritsystems.report.tcp.TCPReport] (Timer-0:) Exiting method SendData
2017-11-16 15:07:58,908 648   INFO  [com.meritsystems.report.tcp.TCPReport] (Timer-0:) Exiting method report
2017-11-16 15:07:58,908 648   INFO  [com.meritsystems.report.ReportDispatcher] (Timer-0:) Exiting method report
2017-11-16 15:07:58,908 648   INFO  [com.meritsystems.report.ReportDispatcher] (Timer-0:) Exiting method generateReports
2017-11-16 15:07:58,908 648   INFO  [com.meritsystems.monitor.Engine] (Timer-0:) After Sending to CEP
2017-11-16 15:07:58,910 650   INFO  [com.meritsystems.monitor.Engine] (Timer-0:) Exiting method process
2017-11-16 15:07:58,910 650   INFO  [com.meritsystems.monitor.Engine] (Timer-0:) Exiting method run
2017-11-16 15:14:15,620 0     INFO  [com.meritsystems.monitor.Engine] (main:) Entering method main
2017-11-16 15:14:15,622 2     INFO  [com.meritsystems.monitor.Engine] (main:) Staring Monitor
2017-11-16 15:14:15,622 2     INFO  [com.meritsystems.monitor.Engine] (main:) Reading configuration file resources/configuration.properties
2017-11-16 15:14:15,625 5     INFO  [com.meritsystems.core.configuration.ConfigurationReader] (main:) Entering method readConfiguration resources/configuration.properties
2017-11-16 15:14:15,648 28    DEBUG [org.apache.commons.configuration.ConfigurationUtils] (main:) ConfigurationUtils.locate(): base is null, name is resources/configuration.properties
2017-11-16 15:14:15,655 35    DEBUG [org.apache.commons.configuration.ConfigurationUtils] (main:) Loading configuration from the path resources/configuration.properties
2017-11-16 15:14:15,666 46    INFO  [com.meritsystems.core.configuration.ConfigurationReader] (main:) Entering method mapConfiguration 
2017-11-16 15:14:15,674 54    INFO  [com.meritsystems.core.configuration.ConfigurationReader] (main:) App name JAVAAGENT
2017-11-16 15:14:15,674 54    INFO  [com.meritsystems.core.configuration.ConfigurationReader] (main:) Option to send stream to ETL adapter : false
2017-11-16 15:14:15,674 54    INFO  [com.meritsystems.core.configuration.ConfigurationReader] (main:) customerID : merit.actionvector.com
2017-11-16 15:14:15,675 55    INFO  [com.meritsystems.core.configuration.ConfigurationReader] (main:) Got URLS [service:jmx:rmi:///jndi/rmi://127.0.0.1:5558/jmxrmi]HostNames==[127.0.0.1]
2017-11-16 15:14:15,675 55    INFO  [com.meritsystems.core.configuration.ConfigurationReader] (main:) Password null
2017-11-16 15:14:15,675 55    INFO  [com.meritsystems.core.configuration.ConfigurationReader] (main:) UserName null
2017-11-16 15:14:15,676 56    INFO  [com.meritsystems.core.configuration.ConfigurationReader] (main:) Got METRICS [MEMO, MEMP, OS, THR, CLAS]
2017-11-16 15:14:15,676 56    INFO  [com.meritsystems.core.configuration.ConfigurationReader] (main:) Got REPORT [com.meritsystems.report.tcp.TCPReport]
2017-11-16 15:14:15,676 56    INFO  [com.meritsystems.core.configuration.ConfigurationReader] (main:) Got INTERVAL 60
2017-11-16 15:14:15,676 56    INFO  [com.meritsystems.core.configuration.ConfigurationReader] (main:) Exiting method mapConfiguration 
2017-11-16 15:14:15,676 56    INFO  [com.meritsystems.core.configuration.ConfigurationReader] (main:) Got classLoadingSubmetrics  [LoadedClassCount, TotalLoadedClassCount, UnloadedClassCount]
2017-11-16 15:14:15,676 56    INFO  [com.meritsystems.core.configuration.ConfigurationReader] (main:) Got compilerSubmetrics  [Name, TotalCompilationTime]
2017-11-16 15:14:15,677 57    INFO  [com.meritsystems.core.configuration.ConfigurationReader] (main:) Got memoryManagerSubmetrics  [MemoryPoolNames, Name]
2017-11-16 15:14:15,677 57    INFO  [com.meritsystems.core.configuration.ConfigurationReader] (main:) Got memorySubmetrics  [MemoryPoolNames, Name]
2017-11-16 15:14:15,677 57    INFO  [com.meritsystems.core.configuration.ConfigurationReader] (main:) Got memorySubmetrics  [MemoryPoolNames, Name]
2017-11-16 15:14:15,677 57    INFO  [com.meritsystems.core.configuration.ConfigurationReader] (main:) Got garbageSubmetrics  [MemoryPoolNames, Name]
2017-11-16 15:14:15,677 57    INFO  [com.meritsystems.core.configuration.ConfigurationReader] (main:) Got osSubmetrics  [AvailableProcessors, Version, SystemLoadAverage]
2017-11-16 15:14:15,677 57    INFO  [com.meritsystems.core.configuration.ConfigurationReader] (main:) Got runtimeSubmetrics  [ClassPath, BootClassPath, LibraryPath, ManagementSpecVersion, Name, SpecName, SpecVendor, SpecVersion, StartTime, Uptime, VmName, VmVendor, VmVersion, InputArguments, SystemProperties]
2017-11-16 15:14:15,678 58    INFO  [com.meritsystems.core.configuration.ConfigurationReader] (main:) Got threadSubmetrics  [DaemonThreadCount, PeakThreadCount, ThreadCount, TotalStartedThreadCount, CurrentThreadUserTime]
2017-11-16 15:14:15,678 58    INFO  [com.meritsystems.core.configuration.ConfigurationReader] (main:) Got appSubmetrics  [alive, clustername, hostname, time, jmxurl, hostipaddress]
2017-11-16 15:14:15,678 58    INFO  [com.meritsystems.core.configuration.ConfigurationReader] (main:) Exiting method readConfiguration Configuration ( com.meritsystems.core.configuration.Configuration@17d99928    userName = null    password = null    url = [HostProperties ( com.meritsystems.core.configuration.HostProperties@3834d63f    jmxurl = service:jmx:rmi:///jndi/rmi://127.0.0.1:5558/jmxrmi    hostname = 127.0.0.1    clustername = jvm    hostIPaddress = 127.0.0.1     )]    metrics = [MEMO, MEMP, OS, THR, CLAS]    reporters = [com.meritsystems.report.tcp.TCPReport]    refreshInterval = 60     )
2017-11-16 15:14:15,678 58    INFO  [com.meritsystems.monitor.Engine] (main:) Reading of configuration file successful Configuration ( com.meritsystems.core.configuration.Configuration@17d99928    userName = null    password = null    url = [HostProperties ( com.meritsystems.core.configuration.HostProperties@3834d63f    jmxurl = service:jmx:rmi:///jndi/rmi://127.0.0.1:5558/jmxrmi    hostname = 127.0.0.1    clustername = jvm    hostIPaddress = 127.0.0.1     )]    metrics = [MEMO, MEMP, OS, THR, CLAS]    reporters = [com.meritsystems.report.tcp.TCPReport]    refreshInterval = 60     )
2017-11-16 15:14:15,678 58    INFO  [com.meritsystems.monitor.Engine] (main:) Refreshing intervals at 60 seconds
2017-11-16 15:14:15,678 58    INFO  [com.meritsystems.monitor.Engine] (main:) Scheduling timer 
2017-11-16 15:14:15,679 59    INFO  [com.meritsystems.monitor.Engine] (main:) sendToETLOption = false :stream will not be send to ETLAdapter
2017-11-16 15:14:15,679 59    INFO  [com.meritsystems.monitor.Engine] (main:) Timer started running
2017-11-16 15:14:15,679 59    INFO  [com.meritsystems.monitor.Engine] (main:) Exiting method main
2017-11-16 15:14:15,680 60    INFO  [com.meritsystems.monitor.Engine] (Timer-0:) Entering method run
2017-11-16 15:14:15,681 61    INFO  [com.meritsystems.monitor.Engine] (Timer-0:) Entering method process
2017-11-16 15:14:15,682 62    INFO  [com.meritsystems.monitor.Engine] (Timer-0:) getting all configured urls
2017-11-16 15:14:15,682 62    INFO  [com.meritsystems.monitor.Engine] (Timer-0:) got  all configured urls [HostProperties ( com.meritsystems.core.configuration.HostProperties@3834d63f    jmxurl = service:jmx:rmi:///jndi/rmi://127.0.0.1:5558/jmxrmi    hostname = 127.0.0.1    clustername = jvm    hostIPaddress = 127.0.0.1     )]
2017-11-16 15:14:15,683 63    INFO  [com.meritsystems.monitor.Engine] (Timer-0:) Loading URL HostProperties ( com.meritsystems.core.configuration.HostProperties@3834d63f    jmxurl = service:jmx:rmi:///jndi/rmi://127.0.0.1:5558/jmxrmi    hostname = 127.0.0.1    clustername = jvm    hostIPaddress = 127.0.0.1     )
2017-11-16 15:14:15,684 64    INFO  [com.meritsystems.monitor.Engine] (Timer-0:) Creating connection HostProperties ( com.meritsystems.core.configuration.HostProperties@3834d63f    jmxurl = service:jmx:rmi:///jndi/rmi://127.0.0.1:5558/jmxrmi    hostname = 127.0.0.1    clustername = jvm    hostIPaddress = 127.0.0.1     )
2017-11-16 15:14:15,684 64    INFO  [com.meritsystems.monitor.Engine] (Timer-0:) Entering method getMBeanServerConnection
2017-11-16 15:14:15,684 64    INFO  [com.meritsystems.monitor.Engine] (Timer-0:) Loading for service:jmx:rmi:///jndi/rmi://127.0.0.1:5558/jmxrmi
2017-11-16 15:14:15,685 65    INFO  [com.meritsystems.monitor.Engine] (Timer-0:) Created JMXServiceURL
2017-11-16 15:14:15,685 65    INFO  [com.meritsystems.monitor.Engine] (Timer-0:) Username null
2017-11-16 15:14:15,685 65    INFO  [com.meritsystems.monitor.Engine] (Timer-0:) password null
2017-11-16 15:14:15,772 152   INFO  [com.meritsystems.monitor.Engine] (Timer-0:) Created jmxc
2017-11-16 15:14:15,773 153   INFO  [com.meritsystems.monitor.Engine] (Timer-0:) Created mbsc
2017-11-16 15:14:15,773 153   INFO  [com.meritsystems.monitor.Engine] (Timer-0:) Exiting method getMBeanServerConnection
2017-11-16 15:14:15,774 154   INFO  [com.meritsystems.monitor.Engine] (Timer-0:) Creating connection succcessHostProperties ( com.meritsystems.core.configuration.HostProperties@3834d63f    jmxurl = service:jmx:rmi:///jndi/rmi://127.0.0.1:5558/jmxrmi    hostname = 127.0.0.1    clustername = jvm    hostIPaddress = 127.0.0.1     )
2017-11-16 15:14:15,774 154   INFO  [com.meritsystems.monitor.Engine] (Timer-0:) Entering method  getAllConfiguredMetrics
2017-11-16 15:14:15,774 154   INFO  [com.meritsystems.monitor.Engine] (Timer-0:) Loading all configured metrics
2017-11-16 15:14:15,778 158   INFO  [com.meritsystems.monitor.Engine] (Timer-0:) Got metrics MEMO
2017-11-16 15:14:15,780 160   INFO  [com.meritsystems.monitor.Engine] (Timer-0:) Entering method getMx MetricsEnum[MEMO]
2017-11-16 15:14:15,793 173   INFO  [com.meritsystems.monitor.Engine] (Timer-0:) Exiting method getMx
2017-11-16 15:14:15,793 173   INFO  [com.meritsystems.monitor.Engine] (Timer-0:) Got MXObjects
2017-11-16 15:14:15,793 173   INFO  [com.meritsystems.monitor.Engine] (Timer-0:) Got metrics MEMP
2017-11-16 15:14:15,793 173   INFO  [com.meritsystems.monitor.Engine] (Timer-0:) Entering method getMx MetricsEnum[MEMP]
2017-11-16 15:14:15,815 195   INFO  [com.meritsystems.monitor.Engine] (Timer-0:) Exiting method getMx
2017-11-16 15:14:15,815 195   INFO  [com.meritsystems.monitor.Engine] (Timer-0:) Got MXObjects
2017-11-16 15:14:15,815 195   INFO  [com.meritsystems.monitor.Engine] (Timer-0:) Got metrics OS
2017-11-16 15:14:15,815 195   INFO  [com.meritsystems.monitor.Engine] (Timer-0:) Entering method getMx MetricsEnum[OS]
2017-11-16 15:14:15,820 200   INFO  [com.meritsystems.monitor.Engine] (Timer-0:) Exiting method getMx
2017-11-16 15:14:15,820 200   INFO  [com.meritsystems.monitor.Engine] (Timer-0:) Got MXObjects
2017-11-16 15:14:15,820 200   INFO  [com.meritsystems.monitor.Engine] (Timer-0:) Got metrics THR
2017-11-16 15:14:15,820 200   INFO  [com.meritsystems.monitor.Engine] (Timer-0:) Entering method getMx MetricsEnum[THR]
2017-11-16 15:14:15,826 206   INFO  [com.meritsystems.monitor.Engine] (Timer-0:) Exiting method getMx
2017-11-16 15:14:15,826 206   INFO  [com.meritsystems.monitor.Engine] (Timer-0:) Got MXObjects
2017-11-16 15:14:15,826 206   INFO  [com.meritsystems.monitor.Engine] (Timer-0:) Got metrics CLAS
2017-11-16 15:14:15,826 206   INFO  [com.meritsystems.monitor.Engine] (Timer-0:) Entering method getMx MetricsEnum[CLAS]
2017-11-16 15:14:15,831 211   INFO  [com.meritsystems.monitor.Engine] (Timer-0:) Exiting method getMx
2017-11-16 15:14:15,831 211   INFO  [com.meritsystems.monitor.Engine] (Timer-0:) Got MXObjects
2017-11-16 15:14:15,831 211   INFO  [com.meritsystems.monitor.Engine] (Timer-0:) Exiting method  getAllConfiguredMetrics
2017-11-16 15:14:15,831 211   INFO  [com.meritsystems.monitor.Engine] (Timer-0:) Got list of mxbeans 
2017-11-16 15:14:15,831 211   INFO  [com.meritsystems.monitor.Engine] (Timer-0:) Processing for java.lang:type=Memory
2017-11-16 15:14:15,832 212   INFO  [com.meritsystems.monitor.MX] (Timer-0:) submetrics HeapMemoryUsage.Used MEMO
2017-11-16 15:14:15,847 227   DEBUG [org.apache.commons.beanutils.converters.BooleanConverter] (Timer-0:) Setting default value: false
2017-11-16 15:14:15,847 227   DEBUG [org.apache.commons.beanutils.converters.BooleanConverter] (Timer-0:) Converting 'Boolean' value 'false' to type 'Boolean'
2017-11-16 15:14:15,847 227   DEBUG [org.apache.commons.beanutils.converters.BooleanConverter] (Timer-0:)     No conversion required, value is already a Boolean
2017-11-16 15:14:15,849 229   DEBUG [org.apache.commons.beanutils.converters.ByteConverter] (Timer-0:) Setting default value: 0
2017-11-16 15:14:15,849 229   DEBUG [org.apache.commons.beanutils.converters.ByteConverter] (Timer-0:) Converting 'Integer' value '0' to type 'Byte'
2017-11-16 15:14:15,849 229   DEBUG [org.apache.commons.beanutils.converters.ByteConverter] (Timer-0:)     Converted to Byte value '0'
2017-11-16 15:14:15,850 230   DEBUG [org.apache.commons.beanutils.converters.CharacterConverter] (Timer-0:) Setting default value:  
2017-11-16 15:14:15,850 230   DEBUG [org.apache.commons.beanutils.converters.CharacterConverter] (Timer-0:) Converting 'Character' value ' ' to type 'Character'
2017-11-16 15:14:15,850 230   DEBUG [org.apache.commons.beanutils.converters.CharacterConverter] (Timer-0:)     No conversion required, value is already a Character
2017-11-16 15:14:15,851 231   DEBUG [org.apache.commons.beanutils.converters.DoubleConverter] (Timer-0:) Setting default value: 0
2017-11-16 15:14:15,851 231   DEBUG [org.apache.commons.beanutils.converters.DoubleConverter] (Timer-0:) Converting 'Integer' value '0' to type 'Double'
2017-11-16 15:14:15,851 231   DEBUG [org.apache.commons.beanutils.converters.DoubleConverter] (Timer-0:)     Converted to Double value '0.0'
2017-11-16 15:14:15,851 231   DEBUG [org.apache.commons.beanutils.converters.FloatConverter] (Timer-0:) Setting default value: 0
2017-11-16 15:14:15,852 232   DEBUG [org.apache.commons.beanutils.converters.FloatConverter] (Timer-0:) Converting 'Integer' value '0' to type 'Float'
2017-11-16 15:14:15,852 232   DEBUG [org.apache.commons.beanutils.converters.FloatConverter] (Timer-0:)     Converted to Float value '0.0'
2017-11-16 15:14:15,852 232   DEBUG [org.apache.commons.beanutils.converters.IntegerConverter] (Timer-0:) Setting default value: 0
2017-11-16 15:14:15,852 232   DEBUG [org.apache.commons.beanutils.converters.IntegerConverter] (Timer-0:) Converting 'Integer' value '0' to type 'Integer'
2017-11-16 15:14:15,852 232   DEBUG [org.apache.commons.beanutils.converters.IntegerConverter] (Timer-0:)     No conversion required, value is already a Integer
2017-11-16 15:14:15,853 233   DEBUG [org.apache.commons.beanutils.converters.LongConverter] (Timer-0:) Setting default value: 0
2017-11-16 15:14:15,853 233   DEBUG [org.apache.commons.beanutils.converters.LongConverter] (Timer-0:) Converting 'Integer' value '0' to type 'Long'
2017-11-16 15:14:15,853 233   DEBUG [org.apache.commons.beanutils.converters.LongConverter] (Timer-0:)     Converted to Long value '0'
2017-11-16 15:14:15,853 233   DEBUG [org.apache.commons.beanutils.converters.ShortConverter] (Timer-0:) Setting default value: 0
2017-11-16 15:14:15,853 233   DEBUG [org.apache.commons.beanutils.converters.ShortConverter] (Timer-0:) Converting 'Integer' value '0' to type 'Short'
2017-11-16 15:14:15,853 233   DEBUG [org.apache.commons.beanutils.converters.ShortConverter] (Timer-0:)     Converted to Short value '0'
2017-11-16 15:14:15,855 235   DEBUG [org.apache.commons.beanutils.converters.BigDecimalConverter] (Timer-0:) Setting default value: 0.0
2017-11-16 15:14:15,855 235   DEBUG [org.apache.commons.beanutils.converters.BigDecimalConverter] (Timer-0:) Converting 'BigDecimal' value '0.0' to type 'BigDecimal'
2017-11-16 15:14:15,855 235   DEBUG [org.apache.commons.beanutils.converters.BigDecimalConverter] (Timer-0:)     No conversion required, value is already a BigDecimal
2017-11-16 15:14:15,856 236   DEBUG [org.apache.commons.beanutils.converters.BigIntegerConverter] (Timer-0:) Setting default value: 0
2017-11-16 15:14:15,856 236   DEBUG [org.apache.commons.beanutils.converters.BigIntegerConverter] (Timer-0:) Converting 'BigInteger' value '0' to type 'BigInteger'
2017-11-16 15:14:15,856 236   DEBUG [org.apache.commons.beanutils.converters.BigIntegerConverter] (Timer-0:)     No conversion required, value is already a BigInteger
2017-11-16 15:14:15,856 236   DEBUG [org.apache.commons.beanutils.converters.BooleanConverter] (Timer-0:) Setting default value: false
2017-11-16 15:14:15,856 236   DEBUG [org.apache.commons.beanutils.converters.BooleanConverter] (Timer-0:) Converting 'Boolean' value 'false' to type 'Boolean'
2017-11-16 15:14:15,856 236   DEBUG [org.apache.commons.beanutils.converters.BooleanConverter] (Timer-0:)     No conversion required, value is already a Boolean
2017-11-16 15:14:15,856 236   DEBUG [org.apache.commons.beanutils.converters.ByteConverter] (Timer-0:) Setting default value: 0
2017-11-16 15:14:15,856 236   DEBUG [org.apache.commons.beanutils.converters.ByteConverter] (Timer-0:) Converting 'Integer' value '0' to type 'Byte'
2017-11-16 15:14:15,856 236   DEBUG [org.apache.commons.beanutils.converters.ByteConverter] (Timer-0:)     Converted to Byte value '0'
2017-11-16 15:14:15,856 236   DEBUG [org.apache.commons.beanutils.converters.CharacterConverter] (Timer-0:) Setting default value:  
2017-11-16 15:14:15,856 236   DEBUG [org.apache.commons.beanutils.converters.CharacterConverter] (Timer-0:) Converting 'Character' value ' ' to type 'Character'
2017-11-16 15:14:15,856 236   DEBUG [org.apache.commons.beanutils.converters.CharacterConverter] (Timer-0:)     No conversion required, value is already a Character
2017-11-16 15:14:15,856 236   DEBUG [org.apache.commons.beanutils.converters.DoubleConverter] (Timer-0:) Setting default value: 0
2017-11-16 15:14:15,857 237   DEBUG [org.apache.commons.beanutils.converters.DoubleConverter] (Timer-0:) Converting 'Integer' value '0' to type 'Double'
2017-11-16 15:14:15,857 237   DEBUG [org.apache.commons.beanutils.converters.DoubleConverter] (Timer-0:)     Converted to Double value '0.0'
2017-11-16 15:14:15,857 237   DEBUG [org.apache.commons.beanutils.converters.FloatConverter] (Timer-0:) Setting default value: 0
2017-11-16 15:14:15,857 237   DEBUG [org.apache.commons.beanutils.converters.FloatConverter] (Timer-0:) Converting 'Integer' value '0' to type 'Float'
2017-11-16 15:14:15,857 237   DEBUG [org.apache.commons.beanutils.converters.FloatConverter] (Timer-0:)     Converted to Float value '0.0'
2017-11-16 15:14:15,857 237   DEBUG [org.apache.commons.beanutils.converters.IntegerConverter] (Timer-0:) Setting default value: 0
2017-11-16 15:14:15,857 237   DEBUG [org.apache.commons.beanutils.converters.IntegerConverter] (Timer-0:) Converting 'Integer' value '0' to type 'Integer'
2017-11-16 15:14:15,857 237   DEBUG [org.apache.commons.beanutils.converters.IntegerConverter] (Timer-0:)     No conversion required, value is already a Integer
2017-11-16 15:14:15,857 237   DEBUG [org.apache.commons.beanutils.converters.LongConverter] (Timer-0:) Setting default value: 0
2017-11-16 15:14:15,857 237   DEBUG [org.apache.commons.beanutils.converters.LongConverter] (Timer-0:) Converting 'Integer' value '0' to type 'Long'
2017-11-16 15:14:15,857 237   DEBUG [org.apache.commons.beanutils.converters.LongConverter] (Timer-0:)     Converted to Long value '0'
2017-11-16 15:14:15,857 237   DEBUG [org.apache.commons.beanutils.converters.ShortConverter] (Timer-0:) Setting default value: 0
2017-11-16 15:14:15,857 237   DEBUG [org.apache.commons.beanutils.converters.ShortConverter] (Timer-0:) Converting 'Integer' value '0' to type 'Short'
2017-11-16 15:14:15,858 238   DEBUG [org.apache.commons.beanutils.converters.ShortConverter] (Timer-0:)     Converted to Short value '0'
2017-11-16 15:14:15,858 238   DEBUG [org.apache.commons.beanutils.converters.StringConverter] (Timer-0:) Setting default value: 
2017-11-16 15:14:15,858 238   DEBUG [org.apache.commons.beanutils.converters.StringConverter] (Timer-0:) Converting 'String' value '' to type 'String'
2017-11-16 15:14:15,864 244   DEBUG [org.apache.commons.beanutils.converters.ArrayConverter] (Timer-0:) Setting default value: [Z@37ffe0e1
2017-11-16 15:14:15,864 244   DEBUG [org.apache.commons.beanutils.converters.ArrayConverter] (Timer-0:) Converting 'boolean[]' value '[Z@37ffe0e1' to type 'boolean[]'
2017-11-16 15:14:15,864 244   DEBUG [org.apache.commons.beanutils.converters.ArrayConverter] (Timer-0:)     No conversion required, value is already a boolean[]
2017-11-16 15:14:15,864 244   DEBUG [org.apache.commons.beanutils.converters.ArrayConverter] (Timer-0:) Setting default value: [B@5c493661
2017-11-16 15:14:15,864 244   DEBUG [org.apache.commons.beanutils.converters.ArrayConverter] (Timer-0:) Converting 'byte[]' value '[B@5c493661' to type 'byte[]'
2017-11-16 15:14:15,864 244   DEBUG [org.apache.commons.beanutils.converters.ArrayConverter] (Timer-0:)     No conversion required, value is already a byte[]
2017-11-16 15:14:15,864 244   DEBUG [org.apache.commons.beanutils.converters.ArrayConverter] (Timer-0:) Setting default value: [C@286b357b
2017-11-16 15:14:15,864 244   DEBUG [org.apache.commons.beanutils.converters.ArrayConverter] (Timer-0:) Converting 'char[]' value '[C@286b357b' to type 'char[]'
2017-11-16 15:14:15,864 244   DEBUG [org.apache.commons.beanutils.converters.ArrayConverter] (Timer-0:)     No conversion required, value is already a char[]
2017-11-16 15:14:15,864 244   DEBUG [org.apache.commons.beanutils.converters.ArrayConverter] (Timer-0:) Setting default value: [D@494f8ffb
2017-11-16 15:14:15,864 244   DEBUG [org.apache.commons.beanutils.converters.ArrayConverter] (Timer-0:) Converting 'double[]' value '[D@494f8ffb' to type 'double[]'
2017-11-16 15:14:15,864 244   DEBUG [org.apache.commons.beanutils.converters.ArrayConverter] (Timer-0:)     No conversion required, value is already a double[]
2017-11-16 15:14:15,864 244   DEBUG [org.apache.commons.beanutils.converters.ArrayConverter] (Timer-0:) Setting default value: [F@17f86db
2017-11-16 15:14:15,865 245   DEBUG [org.apache.commons.beanutils.converters.ArrayConverter] (Timer-0:) Converting 'float[]' value '[F@17f86db' to type 'float[]'
2017-11-16 15:14:15,865 245   DEBUG [org.apache.commons.beanutils.converters.ArrayConverter] (Timer-0:)     No conversion required, value is already a float[]
2017-11-16 15:14:15,865 245   DEBUG [org.apache.commons.beanutils.converters.ArrayConverter] (Timer-0:) Setting default value: [I@141042ab
2017-11-16 15:14:15,865 245   DEBUG [org.apache.commons.beanutils.converters.ArrayConverter] (Timer-0:) Converting 'int[]' value '[I@141042ab' to type 'int[]'
2017-11-16 15:14:15,865 245   DEBUG [org.apache.commons.beanutils.converters.ArrayConverter] (Timer-0:)     No conversion required, value is already a int[]
2017-11-16 15:14:15,865 245   DEBUG [org.apache.commons.beanutils.converters.ArrayConverter] (Timer-0:) Setting default value: [J@65a17dbf
2017-11-16 15:14:15,865 245   DEBUG [org.apache.commons.beanutils.converters.ArrayConverter] (Timer-0:) Converting 'long[]' value '[J@65a17dbf' to type 'long[]'
2017-11-16 15:14:15,865 245   DEBUG [org.apache.commons.beanutils.converters.ArrayConverter] (Timer-0:)     No conversion required, value is already a long[]
2017-11-16 15:14:15,865 245   DEBUG [org.apache.commons.beanutils.converters.ArrayConverter] (Timer-0:) Setting default value: [S@502406a7
2017-11-16 15:14:15,865 245   DEBUG [org.apache.commons.beanutils.converters.ArrayConverter] (Timer-0:) Converting 'short[]' value '[S@502406a7' to type 'short[]'
2017-11-16 15:14:15,865 245   DEBUG [org.apache.commons.beanutils.converters.ArrayConverter] (Timer-0:)     No conversion required, value is already a short[]
2017-11-16 15:14:15,865 245   DEBUG [org.apache.commons.beanutils.converters.ArrayConverter] (Timer-0:) Setting default value: [Ljava.math.BigDecimal;@2d901b26
2017-11-16 15:14:15,866 246   DEBUG [org.apache.commons.beanutils.converters.ArrayConverter] (Timer-0:) Converting 'BigDecimal[]' value '[Ljava.math.BigDecimal;@2d901b26' to type 'BigDecimal[]'
2017-11-16 15:14:15,866 246   DEBUG [org.apache.commons.beanutils.converters.ArrayConverter] (Timer-0:)     No conversion required, value is already a BigDecimal[]
2017-11-16 15:14:15,866 246   DEBUG [org.apache.commons.beanutils.converters.ArrayConverter] (Timer-0:) Setting default value: [Ljava.math.BigInteger;@5521cf6f
2017-11-16 15:14:15,866 246   DEBUG [org.apache.commons.beanutils.converters.ArrayConverter] (Timer-0:) Converting 'BigInteger[]' value '[Ljava.math.BigInteger;@5521cf6f' to type 'BigInteger[]'
2017-11-16 15:14:15,866 246   DEBUG [org.apache.commons.beanutils.converters.ArrayConverter] (Timer-0:)     No conversion required, value is already a BigInteger[]
2017-11-16 15:14:15,866 246   DEBUG [org.apache.commons.beanutils.converters.ArrayConverter] (Timer-0:) Setting default value: [Ljava.lang.Boolean;@8248cf7
2017-11-16 15:14:15,866 246   DEBUG [org.apache.commons.beanutils.converters.ArrayConverter] (Timer-0:) Converting 'Boolean[]' value '[Ljava.lang.Boolean;@8248cf7' to type 'Boolean[]'
2017-11-16 15:14:15,866 246   DEBUG [org.apache.commons.beanutils.converters.ArrayConverter] (Timer-0:)     No conversion required, value is already a Boolean[]
2017-11-16 15:14:15,866 246   DEBUG [org.apache.commons.beanutils.converters.ArrayConverter] (Timer-0:) Setting default value: [Ljava.lang.Byte;@708c4646
2017-11-16 15:14:15,866 246   DEBUG [org.apache.commons.beanutils.converters.ArrayConverter] (Timer-0:) Converting 'Byte[]' value '[Ljava.lang.Byte;@708c4646' to type 'Byte[]'
2017-11-16 15:14:15,866 246   DEBUG [org.apache.commons.beanutils.converters.ArrayConverter] (Timer-0:)     No conversion required, value is already a Byte[]
2017-11-16 15:14:15,866 246   DEBUG [org.apache.commons.beanutils.converters.ArrayConverter] (Timer-0:) Setting default value: [Ljava.lang.Character;@7ed35deb
2017-11-16 15:14:15,866 246   DEBUG [org.apache.commons.beanutils.converters.ArrayConverter] (Timer-0:) Converting 'Character[]' value '[Ljava.lang.Character;@7ed35deb' to type 'Character[]'
2017-11-16 15:14:15,867 247   DEBUG [org.apache.commons.beanutils.converters.ArrayConverter] (Timer-0:)     No conversion required, value is already a Character[]
2017-11-16 15:14:15,867 247   DEBUG [org.apache.commons.beanutils.converters.ArrayConverter] (Timer-0:) Setting default value: [Ljava.lang.Double;@2a433125
2017-11-16 15:14:15,867 247   DEBUG [org.apache.commons.beanutils.converters.ArrayConverter] (Timer-0:) Converting 'Double[]' value '[Ljava.lang.Double;@2a433125' to type 'Double[]'
2017-11-16 15:14:15,867 247   DEBUG [org.apache.commons.beanutils.converters.ArrayConverter] (Timer-0:)     No conversion required, value is already a Double[]
2017-11-16 15:14:15,867 247   DEBUG [org.apache.commons.beanutils.converters.ArrayConverter] (Timer-0:) Setting default value: [Ljava.lang.Float;@7d17f91d
2017-11-16 15:14:15,867 247   DEBUG [org.apache.commons.beanutils.converters.ArrayConverter] (Timer-0:) Converting 'Float[]' value '[Ljava.lang.Float;@7d17f91d' to type 'Float[]'
2017-11-16 15:14:15,867 247   DEBUG [org.apache.commons.beanutils.converters.ArrayConverter] (Timer-0:)     No conversion required, value is already a Float[]
2017-11-16 15:14:15,867 247   DEBUG [org.apache.commons.beanutils.converters.ArrayConverter] (Timer-0:) Setting default value: [Ljava.lang.Integer;@9b683fc
2017-11-16 15:14:15,867 247   DEBUG [org.apache.commons.beanutils.converters.ArrayConverter] (Timer-0:) Converting 'Integer[]' value '[Ljava.lang.Integer;@9b683fc' to type 'Integer[]'
2017-11-16 15:14:15,867 247   DEBUG [org.apache.commons.beanutils.converters.ArrayConverter] (Timer-0:)     No conversion required, value is already a Integer[]
2017-11-16 15:14:15,867 247   DEBUG [org.apache.commons.beanutils.converters.ArrayConverter] (Timer-0:) Setting default value: [Ljava.lang.Long;@2c1d83cf
2017-11-16 15:14:15,867 247   DEBUG [org.apache.commons.beanutils.converters.ArrayConverter] (Timer-0:) Converting 'Long[]' value '[Ljava.lang.Long;@2c1d83cf' to type 'Long[]'
2017-11-16 15:14:15,867 247   DEBUG [org.apache.commons.beanutils.converters.ArrayConverter] (Timer-0:)     No conversion required, value is already a Long[]
2017-11-16 15:14:15,868 248   DEBUG [org.apache.commons.beanutils.converters.ArrayConverter] (Timer-0:) Setting default value: [Ljava.lang.Short;@513a2d40
2017-11-16 15:14:15,868 248   DEBUG [org.apache.commons.beanutils.converters.ArrayConverter] (Timer-0:) Converting 'Short[]' value '[Ljava.lang.Short;@513a2d40' to type 'Short[]'
2017-11-16 15:14:15,868 248   DEBUG [org.apache.commons.beanutils.converters.ArrayConverter] (Timer-0:)     No conversion required, value is already a Short[]
2017-11-16 15:14:15,868 248   DEBUG [org.apache.commons.beanutils.converters.ArrayConverter] (Timer-0:) Setting default value: [Ljava.lang.String;@7d950032
2017-11-16 15:14:15,868 248   DEBUG [org.apache.commons.beanutils.converters.ArrayConverter] (Timer-0:) Converting 'String[]' value '[Ljava.lang.String;@7d950032' to type 'String[]'
2017-11-16 15:14:15,868 248   DEBUG [org.apache.commons.beanutils.converters.ArrayConverter] (Timer-0:)     No conversion required, value is already a String[]
2017-11-16 15:14:15,868 248   DEBUG [org.apache.commons.beanutils.converters.ArrayConverter] (Timer-0:) Setting default value: [Ljava.lang.Class;@66f249e0
2017-11-16 15:14:15,868 248   DEBUG [org.apache.commons.beanutils.converters.ArrayConverter] (Timer-0:) Converting 'Class[]' value '[Ljava.lang.Class;@66f249e0' to type 'Class[]'
2017-11-16 15:14:15,868 248   DEBUG [org.apache.commons.beanutils.converters.ArrayConverter] (Timer-0:)     No conversion required, value is already a Class[]
2017-11-16 15:14:15,869 249   DEBUG [org.apache.commons.beanutils.converters.ArrayConverter] (Timer-0:) Setting default value: [Ljava.util.Date;@66a23853
2017-11-16 15:14:15,869 249   DEBUG [org.apache.commons.beanutils.converters.ArrayConverter] (Timer-0:) Converting 'Date[]' value '[Ljava.util.Date;@66a23853' to type 'Date[]'
2017-11-16 15:14:15,869 249   DEBUG [org.apache.commons.beanutils.converters.ArrayConverter] (Timer-0:)     No conversion required, value is already a Date[]
2017-11-16 15:14:15,869 249   DEBUG [org.apache.commons.beanutils.converters.ArrayConverter] (Timer-0:) Setting default value: [Ljava.util.Calendar;@39421906
2017-11-16 15:14:15,869 249   DEBUG [org.apache.commons.beanutils.converters.ArrayConverter] (Timer-0:) Converting 'Calendar[]' value '[Ljava.util.Calendar;@39421906' to type 'Calendar[]'
2017-11-16 15:14:15,869 249   DEBUG [org.apache.commons.beanutils.converters.ArrayConverter] (Timer-0:)     No conversion required, value is already a Calendar[]
2017-11-16 15:14:15,869 249   DEBUG [org.apache.commons.beanutils.converters.ArrayConverter] (Timer-0:) Setting default value: [Ljava.io.File;@3a1c33d5
2017-11-16 15:14:15,869 249   DEBUG [org.apache.commons.beanutils.converters.ArrayConverter] (Timer-0:) Converting 'java.io.File[]' value '[Ljava.io.File;@3a1c33d5' to type 'java.io.File[]'
2017-11-16 15:14:15,870 250   DEBUG [org.apache.commons.beanutils.converters.ArrayConverter] (Timer-0:)     No conversion required, value is already a java.io.File[]
2017-11-16 15:14:15,870 250   DEBUG [org.apache.commons.beanutils.converters.ArrayConverter] (Timer-0:) Setting default value: [Ljava.sql.Date;@6749ac60
2017-11-16 15:14:15,870 250   DEBUG [org.apache.commons.beanutils.converters.ArrayConverter] (Timer-0:) Converting 'java.sql.Date[]' value '[Ljava.sql.Date;@6749ac60' to type 'java.sql.Date[]'
2017-11-16 15:14:15,870 250   DEBUG [org.apache.commons.beanutils.converters.ArrayConverter] (Timer-0:)     No conversion required, value is already a java.sql.Date[]
2017-11-16 15:14:15,870 250   DEBUG [org.apache.commons.beanutils.converters.ArrayConverter] (Timer-0:) Setting default value: [Ljava.sql.Time;@2e5d2a22
2017-11-16 15:14:15,870 250   DEBUG [org.apache.commons.beanutils.converters.ArrayConverter] (Timer-0:) Converting 'java.sql.Time[]' value '[Ljava.sql.Time;@2e5d2a22' to type 'java.sql.Time[]'
2017-11-16 15:14:15,870 250   DEBUG [org.apache.commons.beanutils.converters.ArrayConverter] (Timer-0:)     No conversion required, value is already a java.sql.Time[]
2017-11-16 15:14:15,870 250   DEBUG [org.apache.commons.beanutils.converters.ArrayConverter] (Timer-0:) Setting default value: [Ljava.sql.Timestamp;@1a9de732
2017-11-16 15:14:15,870 250   DEBUG [org.apache.commons.beanutils.converters.ArrayConverter] (Timer-0:) Converting 'java.sql.Timestamp[]' value '[Ljava.sql.Timestamp;@1a9de732' to type 'java.sql.Timestamp[]'
2017-11-16 15:14:15,870 250   DEBUG [org.apache.commons.beanutils.converters.ArrayConverter] (Timer-0:)     No conversion required, value is already a java.sql.Timestamp[]
2017-11-16 15:14:15,871 251   DEBUG [org.apache.commons.beanutils.converters.ArrayConverter] (Timer-0:) Setting default value: [Ljava.net.URL;@9e8ecbc
2017-11-16 15:14:15,871 251   DEBUG [org.apache.commons.beanutils.converters.ArrayConverter] (Timer-0:) Converting 'java.net.URL[]' value '[Ljava.net.URL;@9e8ecbc' to type 'java.net.URL[]'
2017-11-16 15:14:15,871 251   DEBUG [org.apache.commons.beanutils.converters.ArrayConverter] (Timer-0:)     No conversion required, value is already a java.net.URL[]
2017-11-16 15:14:15,893 273   INFO  [com.meritsystems.monitor.MX] (Timer-0:) submetrics HeapMemoryUsage.Committed MEMO
2017-11-16 15:14:15,896 276   INFO  [com.meritsystems.monitor.MX] (Timer-0:) submetrics HeapMemoryUsage.Init MEMO
2017-11-16 15:14:15,899 279   INFO  [com.meritsystems.monitor.MX] (Timer-0:) submetrics HeapMemoryUsage.Max MEMO
2017-11-16 15:14:15,901 281   INFO  [com.meritsystems.monitor.MX] (Timer-0:) submetrics NonHeapMemoryUsage.Used MEMO
2017-11-16 15:14:15,904 284   INFO  [com.meritsystems.monitor.MX] (Timer-0:) submetrics NonHeapMemoryUsage.Max MEMO
2017-11-16 15:14:15,907 287   INFO  [com.meritsystems.monitor.Engine] (Timer-0:) Processing for java.lang:type=MemoryPool
2017-11-16 15:14:15,907 287   INFO  [com.meritsystems.monitor.Engine] (Timer-0:) Processing for java.lang:type=MemoryPool
2017-11-16 15:14:15,907 287   INFO  [com.meritsystems.monitor.Engine] (Timer-0:) Processing for java.lang:type=MemoryPool
2017-11-16 15:14:15,908 288   INFO  [com.meritsystems.monitor.Engine] (Timer-0:) Processing for java.lang:type=MemoryPool
2017-11-16 15:14:15,908 288   INFO  [com.meritsystems.monitor.Engine] (Timer-0:) Processing for java.lang:type=MemoryPool
2017-11-16 15:14:15,908 288   INFO  [com.meritsystems.monitor.Engine] (Timer-0:) Processing for java.lang:type=MemoryPool
2017-11-16 15:14:15,908 288   INFO  [com.meritsystems.monitor.Engine] (Timer-0:) Processing for java.lang:type=OperatingSystem
2017-11-16 15:14:15,908 288   INFO  [com.meritsystems.monitor.MX] (Timer-0:) submetrics AvailableProcessors OS
2017-11-16 15:14:15,911 291   INFO  [com.meritsystems.monitor.MX] (Timer-0:) submetrics Version OS
2017-11-16 15:14:15,912 292   INFO  [com.meritsystems.monitor.MX] (Timer-0:) submetrics SystemLoadAverage OS
2017-11-16 15:14:15,913 293   INFO  [com.meritsystems.monitor.Engine] (Timer-0:) Processing for java.lang:type=Threading
2017-11-16 15:14:15,914 294   INFO  [com.meritsystems.monitor.MX] (Timer-0:) submetrics DaemonThreadCount THR
2017-11-16 15:14:15,917 297   INFO  [com.meritsystems.monitor.MX] (Timer-0:) submetrics PeakThreadCount THR
2017-11-16 15:14:15,918 298   INFO  [com.meritsystems.monitor.MX] (Timer-0:) submetrics ThreadCount THR
2017-11-16 15:14:15,919 299   INFO  [com.meritsystems.monitor.MX] (Timer-0:) submetrics TotalStartedThreadCount THR
2017-11-16 15:14:15,920 300   INFO  [com.meritsystems.monitor.MX] (Timer-0:) submetrics CurrentThreadUserTime THR
2017-11-16 15:14:15,921 301   INFO  [com.meritsystems.monitor.Engine] (Timer-0:) Processing for java.lang:type=ClassLoading
2017-11-16 15:14:15,921 301   INFO  [com.meritsystems.monitor.MX] (Timer-0:) submetrics LoadedClassCount CLAS
2017-11-16 15:14:15,924 304   INFO  [com.meritsystems.monitor.MX] (Timer-0:) submetrics TotalLoadedClassCount CLAS
2017-11-16 15:14:15,925 305   INFO  [com.meritsystems.monitor.MX] (Timer-0:) submetrics UnloadedClassCount CLAS
2017-11-16 15:14:15,926 306   INFO  [com.meritsystems.monitor.Engine] (Timer-0:) Jmx List SIze===1
2017-11-16 15:14:15,927 307   INFO  [com.meritsystems.monitor.Engine] (Timer-0:) JMX URLservice:jmx:rmi:///jndi/rmi://127.0.0.1:5558/jmxrmi
2017-11-16 15:14:15,927 307   INFO  [com.meritsystems.monitor.MX] (Timer-0:) submetrics alive APP
2017-11-16 15:14:15,933 313   INFO  [com.meritsystems.monitor.MX] (Timer-0:) submetrics clustername APP
2017-11-16 15:14:15,933 313   INFO  [com.meritsystems.monitor.MX] (Timer-0:) submetrics hostname APP
2017-11-16 15:14:15,933 313   INFO  [com.meritsystems.monitor.MX] (Timer-0:) submetrics time APP
2017-11-16 15:14:15,933 313   INFO  [com.meritsystems.monitor.MX] (Timer-0:) submetrics jmxurl APP
2017-11-16 15:14:15,933 313   INFO  [com.meritsystems.monitor.MX] (Timer-0:) submetrics hostipaddress APP
2017-11-16 15:14:15,933 313   INFO  [com.meritsystems.monitor.Engine] (Timer-0:) Before Sending to CEP
2017-11-16 15:14:15,934 314   INFO  [com.meritsystems.report.ReportDispatcher] (Timer-0:) Entering method generateReports
2017-11-16 15:14:15,934 314   INFO  [com.meritsystems.report.ReportDispatcher] (Timer-0:) Creating report for com.meritsystems.report.tcp.TCPReport
2017-11-16 15:14:15,934 314   INFO  [com.meritsystems.report.ReportDispatcher] (Timer-0:) Entering method report
2017-11-16 15:14:15,935 315   INFO  [com.meritsystems.report.Report] (Timer-0:) Entering method processArguments
2017-11-16 15:14:15,935 315   INFO  [com.meritsystems.report.Report] (Timer-0:)  configAttribute com.meritsystems.report.tcp.TCPReport.args
2017-11-16 15:14:15,935 315   INFO  [com.meritsystems.report.Report] (Timer-0:)  val errorfilepath=eventlog/error.log#host=localhost#port=3390#retryinterval=10
2017-11-16 15:14:15,935 315   INFO  [com.meritsystems.report.Report] (Timer-0:) Arg errorfilepath=eventlog/error.log
2017-11-16 15:14:15,936 316   INFO  [com.meritsystems.report.Report] (Timer-0:) Arg host=localhost
2017-11-16 15:14:15,936 316   INFO  [com.meritsystems.report.Report] (Timer-0:) Arg port=3390
2017-11-16 15:14:15,936 316   INFO  [com.meritsystems.report.Report] (Timer-0:) Arg retryinterval=10
2017-11-16 15:14:15,936 316   INFO  [com.meritsystems.report.Report] (Timer-0:)  arguments {retryinterval=10, errorfilepath=eventlog/error.log, port=3390, host=localhost}
2017-11-16 15:14:15,936 316   INFO  [com.meritsystems.report.Report] (Timer-0:) Exiting method processArguments
2017-11-16 15:14:15,936 316   INFO  [com.meritsystems.report.tcp.TCPReport] (Timer-0:) Entering method report
2017-11-16 15:14:15,938 318   INFO  [com.meritsystems.report.Report] (Timer-0:) String representation of 13135616
2017-11-16 15:14:15,938 318   INFO  [com.meritsystems.report.Report] (Timer-0:) String representation is 13135616
2017-11-16 15:14:15,938 318   INFO  [com.meritsystems.report.Report] (Timer-0:) String representation of 249561088
2017-11-16 15:14:15,938 318   INFO  [com.meritsystems.report.Report] (Timer-0:) String representation is 249561088
2017-11-16 15:14:15,938 318   INFO  [com.meritsystems.report.Report] (Timer-0:) String representation of 260046848
2017-11-16 15:14:15,939 319   INFO  [com.meritsystems.report.Report] (Timer-0:) String representation is 260046848
2017-11-16 15:14:15,939 319   INFO  [com.meritsystems.report.Report] (Timer-0:) String representation of 954728448
2017-11-16 15:14:15,939 319   INFO  [com.meritsystems.report.Report] (Timer-0:) String representation is 954728448
2017-11-16 15:14:15,939 319   INFO  [com.meritsystems.report.Report] (Timer-0:) String representation of 15701736
2017-11-16 15:14:15,939 319   INFO  [com.meritsystems.report.Report] (Timer-0:) String representation is 15701736
2017-11-16 15:14:15,939 319   INFO  [com.meritsystems.report.Report] (Timer-0:) String representation of -1
2017-11-16 15:14:15,939 319   INFO  [com.meritsystems.report.Report] (Timer-0:) String representation is -1
2017-11-16 15:14:15,939 319   INFO  [com.meritsystems.report.Report] (Timer-0:) String representation of 8
2017-11-16 15:14:15,939 319   INFO  [com.meritsystems.report.Report] (Timer-0:) String representation is 8
2017-11-16 15:14:15,939 319   INFO  [com.meritsystems.report.Report] (Timer-0:) String representation of 4.10.0-38-generic
2017-11-16 15:14:15,939 319   INFO  [com.meritsystems.report.Report] (Timer-0:) String representation is 4.10.0-38-generic
2017-11-16 15:14:15,939 319   INFO  [com.meritsystems.report.Report] (Timer-0:) String representation of 0.54
2017-11-16 15:14:15,939 319   INFO  [com.meritsystems.report.Report] (Timer-0:) String representation is 0.54
2017-11-16 15:14:15,939 319   INFO  [com.meritsystems.report.Report] (Timer-0:) String representation of 13
2017-11-16 15:14:15,939 319   INFO  [com.meritsystems.report.Report] (Timer-0:) String representation is 13
2017-11-16 15:14:15,939 319   INFO  [com.meritsystems.report.Report] (Timer-0:) String representation of 15
2017-11-16 15:14:15,939 319   INFO  [com.meritsystems.report.Report] (Timer-0:) String representation is 15
2017-11-16 15:14:15,939 319   INFO  [com.meritsystems.report.Report] (Timer-0:) String representation of 15
2017-11-16 15:14:15,939 319   INFO  [com.meritsystems.report.Report] (Timer-0:) String representation is 15
2017-11-16 15:14:15,939 319   INFO  [com.meritsystems.report.Report] (Timer-0:) String representation of 16
2017-11-16 15:14:15,939 319   INFO  [com.meritsystems.report.Report] (Timer-0:) String representation is 16
2017-11-16 15:14:15,940 320   INFO  [com.meritsystems.report.Report] (Timer-0:) String representation of 50000000
2017-11-16 15:14:15,940 320   INFO  [com.meritsystems.report.Report] (Timer-0:) String representation is 50000000
2017-11-16 15:14:15,940 320   INFO  [com.meritsystems.report.Report] (Timer-0:) String representation of 1990
2017-11-16 15:14:15,940 320   INFO  [com.meritsystems.report.Report] (Timer-0:) String representation is 1990
2017-11-16 15:14:15,940 320   INFO  [com.meritsystems.report.Report] (Timer-0:) String representation of 1991
2017-11-16 15:14:15,940 320   INFO  [com.meritsystems.report.Report] (Timer-0:) String representation is 1991
2017-11-16 15:14:15,940 320   INFO  [com.meritsystems.report.Report] (Timer-0:) String representation of 0
2017-11-16 15:14:15,940 320   INFO  [com.meritsystems.report.Report] (Timer-0:) String representation is 0
2017-11-16 15:14:15,940 320   INFO  [com.meritsystems.report.Report] (Timer-0:) String representation of true
2017-11-16 15:14:15,940 320   INFO  [com.meritsystems.report.Report] (Timer-0:) String representation is true
2017-11-16 15:14:15,940 320   INFO  [com.meritsystems.report.Report] (Timer-0:) String representation of jvm
2017-11-16 15:14:15,940 320   INFO  [com.meritsystems.report.Report] (Timer-0:) String representation is jvm
2017-11-16 15:14:15,940 320   INFO  [com.meritsystems.report.Report] (Timer-0:) String representation of 127.0.0.1
2017-11-16 15:14:15,940 320   INFO  [com.meritsystems.report.Report] (Timer-0:) String representation is 127.0.0.1
2017-11-16 15:14:15,943 323   INFO  [com.meritsystems.report.Report] (Timer-0:) String representation of Thu Nov 16 15:14:15 IST 2017
2017-11-16 15:14:15,943 323   INFO  [com.meritsystems.report.Report] (Timer-0:) String representation is 2017/11/16 15:14:15
2017-11-16 15:14:15,944 324   INFO  [com.meritsystems.report.Report] (Timer-0:) String representation of service:jmx:rmi:///jndi/rmi://127.0.0.1:5558/jmxrmi
2017-11-16 15:14:15,944 324   INFO  [com.meritsystems.report.Report] (Timer-0:) String representation is service:jmx:rmi:///jndi/rmi://127.0.0.1:5558/jmxrmi
2017-11-16 15:14:15,944 324   INFO  [com.meritsystems.report.Report] (Timer-0:) String representation of 127.0.0.1
2017-11-16 15:14:15,944 324   INFO  [com.meritsystems.report.Report] (Timer-0:) String representation is 127.0.0.1
2017-11-16 15:14:15,944 324   INFO  [com.meritsystems.report.tcp.TCPReport] (Timer-0:) Sending data to CEP Engine : stream=JVMEvent,CustomerID=merit.actionvector.com,resourceType=JVM,resourceSubType=JVM,heapMemoryUsage.used=13135616,heapMemoryUsage.committed=249561088,heapMemoryUsage.init=260046848,heapMemoryUsage.max=954728448,nonHeapMemoryUsage.used=15701736,nonHeapMemoryUsage.max=-1,availableProcessors=8,version=4.10.0-38-generic,systemLoadAverage=0.54,daemonThreadCount=13,peakThreadCount=15,threadCount=15,totalStartedThreadCount=16,currentThreadUserTime=50000000,loadedClassCount=1990,totalLoadedClassCount=1991,unloadedClassCount=0,alive=true,clustername=jvm,HostName=127.0.0.1,time=1510825455,jmxurl=service:jmx:rmi:///jndi/rmi://127.0.0.1:5558/jmxrmi,hostipaddress=127.0.0.1,resourceId=5558,availability=1
2017-11-16 15:14:15,944 324   INFO  [com.meritsystems.report.tcp.TCPReport] (Timer-0:) Entering method SendData
2017-11-16 15:14:15,944 324   INFO  [com.meritsystems.report.tcp.TCPReport] (Timer-0:) host localhost port 3390 retryIntervalVal 10 errorFilepath eventlog/error.log
2017-11-16 15:14:15,945 325   INFO  [com.meritsystems.report.tcp.TCPReport] (Timer-0:) Retry count 0
2017-11-16 15:14:15,945 325   INFO  [com.meritsystems.report.tcp.TCPReport] (Timer-0:) Entering method sendData 
2017-11-16 15:14:15,945 325   DEBUG [com.prokosha.ssl.tcp.SSLClient] (Timer-0:) Connecting to FC at host:localhost port: 3390
2017-11-16 15:14:16,078 458   DEBUG [com.prokosha.ssl.tcp.SSLClient] (Timer-0:) Connected to FC at host:localhost and port: 3390...
2017-11-16 15:14:16,078 458   INFO  [com.prokosha.ssl.tcp.SSLClient] (Timer-0:) Sending event to FC: stream=JVMEvent,CustomerID=merit.actionvector.com,resourceType=JVM,resourceSubType=JVM,heapMemoryUsage.used=13135616,heapMemoryUsage.committed=249561088,heapMemoryUsage.init=260046848,heapMemoryUsage.max=954728448,nonHeapMemoryUsage.used=15701736,nonHeapMemoryUsage.max=-1,availableProcessors=8,version=4.10.0-38-generic,systemLoadAverage=0.54,daemonThreadCount=13,peakThreadCount=15,threadCount=15,totalStartedThreadCount=16,currentThreadUserTime=50000000,loadedClassCount=1990,totalLoadedClassCount=1991,unloadedClassCount=0,alive=true,clustername=jvm,HostName=127.0.0.1,time=1510825455,jmxurl=service:jmx:rmi:///jndi/rmi://127.0.0.1:5558/jmxrmi,hostipaddress=127.0.0.1,resourceId=5558,availability=1
